Κανόνες άχρηστοι στον αναλυτή λόγω συγκρούσεων

   67 indexed: /* κενό */


Κατάσταση 22 συγκρούσεις: 1 ελάττωση/ελάττωση
Κατάσταση 61 συγκρούσεις: 3 ελάττωση/ελάττωση
Κατάσταση 115 συγκρούσεις: 13 ολίσθηση/ελάττωση
Κατάσταση 141 συγκρούσεις: 1 ολίσθηση/ελάττωση


Γραμματική

    0 $accept: program $end

    1 program: /* κενό */
    2        | stmt program
    3        | error

    4 stmt: expr ';'
    5     | ifstmt
    6     | whilestmt
    7     | forstmt
    8     | returnstmt
    9     | BREAK ';'
   10     | CONTINUE ';'
   11     | blockStmt
   12     | funcdef
   13     | ';'

   14 expr: assignexpr
   15     | expr op expr
   16     | term

   17 op: '+'
   18   | '-'
   19   | '*'
   20   | '/'
   21   | '%'
   22   | '>'
   23   | GREATER_EQUAL
   24   | '<'
   25   | LESS_EQUAL
   26   | EQUAL_EQUAL
   27   | NOT_EQUAL
   28   | AND
   29   | OR

   30 term: '(' expr ')'
   31     | '-' expr
   32     | NOT expr
   33     | PLUS_PLUS lvalue
   34     | lvalue PLUS_PLUS
   35     | MINUS_MINUS lvalue
   36     | lvalue MINUS_MINUS
   37     | primary

   38 $@1: /* κενό */

   39 assignexpr: lvalue $@1 '=' expr

   40 primary: call
   41        | lvalue
   42        | objectdef
   43        | '(' funcdef ')'
   44        | const

   45 lvalue: ID
   46       | LOCAL ID
   47       | COLON_COLON ID
   48       | member

   49 member: lvalue '.' ID
   50       | lvalue '[' expr ']'
   51       | call '[' expr ']'
   52       | call '.' ID

   53 call: call '(' elist ')'
   54     | lvalue callsuffix
   55     | '(' funcdef ')' '(' elist ')'

   56 callsuffix: normcall
   57           | methodcall

   58 normcall: '(' elist ')'

   59 methodcall: DOT_DOT ID '(' elist ')'

   60 elist: /* κενό */
   61      | expr
   62      | expr elistExtend

   63 elistExtend: /* κενό */
   64            | ',' expr elistExtend

   65 objectdef: '[' elist ']'
   66          | '[' indexed ']'

   67 indexed: /* κενό */
   68        | indexedelem indexedExtend

   69 indexedExtend: /* κενό */
   70              | ',' indexedelem indexedExtend

   71 indexedelem: '{' expr ':' expr '}'

   72 $@2: /* κενό */

   73 $@3: /* κενό */

   74 blockStmt: '{' $@2 program $@3 '}'

   75 $@4: /* κενό */

   76 blockFunc: '{' program $@4 '}'

   77 $@5: /* κενό */

   78 $@6: /* κενό */

   79 funcdef: FUNCTION ID $@5 '(' $@6 idlist ')' blockFunc

   80 $@7: /* κενό */

   81 $@8: /* κενό */

   82 funcdef: FUNCTION $@7 '(' $@8 idlist ')' blockFunc

   83 const: REAL
   84      | INT
   85      | STR
   86      | NIL
   87      | TRUE
   88      | FALSE

   89 idlist: /* κενό */

   90 $@9: /* κενό */

   91 idlist: ID $@9 idlistExtend

   92 idlistExtend: /* κενό */

   93 $@10: /* κενό */

   94 idlistExtend: ',' ID $@10 idlistExtend

   95 ifstmt: IF '(' expr ')' stmt ifstmtExtend

   96 ifstmtExtend: /* κενό */
   97             | ELSE stmt

   98 whilestmt: WHILE '(' expr ')' stmt

   99 forstmt: FOR '(' elist ';' expr ';' elist ')' stmt

  100 returnstmt: RETURN expr ';'
  101           | RETURN ';'


Τερματικά σύμβολα, με κανόνες όπου εμφανίζονται

$end (0) 0
'%' (37) 21
'(' (40) 30 43 53 55 58 59 79 82 95 98 99
')' (41) 30 43 53 55 58 59 79 82 95 98 99
'*' (42) 19
'+' (43) 17
',' (44) 64 70 94
'-' (45) 18 31
'.' (46) 49 52
'/' (47) 20
':' (58) 71
';' (59) 4 9 10 13 99 100 101
'<' (60) 24
'=' (61) 39
'>' (62) 22
'[' (91) 50 51 65 66
']' (93) 50 51 65 66
'{' (123) 71 74 76
'}' (125) 71 74 76
error (256) 3
IF (258) 95
ELSE (259) 97
WHILE (260) 98
FOR (261) 99
FUNCTION (262) 79 82
RETURN (263) 100 101
BREAK (264) 9
CONTINUE (265) 10
AND (266) 28
NOT (267) 32
OR (268) 29
LOCAL (269) 46
TRUE (270) 87
FALSE (271) 88
NIL (272) 86
EQUAL_EQUAL (273) 26
NOT_EQUAL (274) 27
PLUS_PLUS (275) 33 34
MINUS_MINUS (276) 35 36
LESS_EQUAL (277) 25
GREATER_EQUAL (278) 23
COLON_COLON (279) 47
DOT_DOT (280) 59
INT (281) 84
STR (282) 85
REAL (283) 83
ID (284) 45 46 47 49 52 59 79 91 94
UMINUS (285)


Μη τερματικά σύμβολα, με κανόνες όπου εμφανίζονται

$accept (49)
   στα αριστερά: 0
program (50)
   στα αριστερά: 1 2 3,στα δεξιά: 0 2 74 76
stmt (51)
   στα αριστερά: 4 5 6 7 8 9 10 11 12 13,στα δεξιά: 2 95 97 98 99
expr (52)
   στα αριστερά: 14 15 16,στα δεξιά: 4 15 30 31 32 39 50 51 61 62 64
    71 95 98 99 100
op (53)
   στα αριστερά: 17 18 19 20 21 22 23 24 25 26 27 28 29,στα δεξιά:
    15
term (54)
   στα αριστερά: 30 31 32 33 34 35 36 37,στα δεξιά: 16
assignexpr (55)
   στα αριστερά: 39,στα δεξιά: 14
$@1 (56)
   στα αριστερά: 38,στα δεξιά: 39
primary (57)
   στα αριστερά: 40 41 42 43 44,στα δεξιά: 37
lvalue (58)
   στα αριστερά: 45 46 47 48,στα δεξιά: 33 34 35 36 39 41 49 50 54
member (59)
   στα αριστερά: 49 50 51 52,στα δεξιά: 48
call (60)
   στα αριστερά: 53 54 55,στα δεξιά: 40 51 52 53
callsuffix (61)
   στα αριστερά: 56 57,στα δεξιά: 54
normcall (62)
   στα αριστερά: 58,στα δεξιά: 56
methodcall (63)
   στα αριστερά: 59,στα δεξιά: 57
elist (64)
   στα αριστερά: 60 61 62,στα δεξιά: 53 55 58 59 65 99
elistExtend (65)
   στα αριστερά: 63 64,στα δεξιά: 62 64
objectdef (66)
   στα αριστερά: 65 66,στα δεξιά: 42
indexed (67)
   στα αριστερά: 67 68,στα δεξιά: 66
indexedExtend (68)
   στα αριστερά: 69 70,στα δεξιά: 68 70
indexedelem (69)
   στα αριστερά: 71,στα δεξιά: 68 70
blockStmt (70)
   στα αριστερά: 74,στα δεξιά: 11
$@2 (71)
   στα αριστερά: 72,στα δεξιά: 74
$@3 (72)
   στα αριστερά: 73,στα δεξιά: 74
blockFunc (73)
   στα αριστερά: 76,στα δεξιά: 79 82
$@4 (74)
   στα αριστερά: 75,στα δεξιά: 76
funcdef (75)
   στα αριστερά: 79 82,στα δεξιά: 12 43 55
$@5 (76)
   στα αριστερά: 77,στα δεξιά: 79
$@6 (77)
   στα αριστερά: 78,στα δεξιά: 79
$@7 (78)
   στα αριστερά: 80,στα δεξιά: 82
$@8 (79)
   στα αριστερά: 81,στα δεξιά: 82
const (80)
   στα αριστερά: 83 84 85 86 87 88,στα δεξιά: 44
idlist (81)
   στα αριστερά: 89 91,στα δεξιά: 79 82
$@9 (82)
   στα αριστερά: 90,στα δεξιά: 91
idlistExtend (83)
   στα αριστερά: 92 94,στα δεξιά: 91 94
$@10 (84)
   στα αριστερά: 93,στα δεξιά: 94
ifstmt (85)
   στα αριστερά: 95,στα δεξιά: 5
ifstmtExtend (86)
   στα αριστερά: 96 97,στα δεξιά: 95
whilestmt (87)
   στα αριστερά: 98,στα δεξιά: 6
forstmt (88)
   στα αριστερά: 99,στα δεξιά: 7
returnstmt (89)
   στα αριστερά: 100 101,στα δεξιά: 8


κατάσταση 0

    0 $accept: . program $end

    error        ολίσθηση, και μετάβαση στη κατάσταση 1
    IF           ολίσθηση, και μετάβαση στη κατάσταση 2
    WHILE        ολίσθηση, και μετάβαση στη κατάσταση 3
    FOR          ολίσθηση, και μετάβαση στη κατάσταση 4
    FUNCTION     ολίσθηση, και μετάβαση στη κατάσταση 5
    RETURN       ολίσθηση, και μετάβαση στη κατάσταση 6
    BREAK        ολίσθηση, και μετάβαση στη κατάσταση 7
    CONTINUE     ολίσθηση, και μετάβαση στη κατάσταση 8
    NOT          ολίσθηση, και μετάβαση στη κατάσταση 9
    LOCAL        ολίσθηση, και μετάβαση στη κατάσταση 10
    TRUE         ολίσθηση, και μετάβαση στη κατάσταση 11
    FALSE        ολίσθηση, και μετάβαση στη κατάσταση 12
    NIL          ολίσθηση, και μετάβαση στη κατάσταση 13
    PLUS_PLUS    ολίσθηση, και μετάβαση στη κατάσταση 14
    MINUS_MINUS  ολίσθηση, και μετάβαση στη κατάσταση 15
    COLON_COLON  ολίσθηση, και μετάβαση στη κατάσταση 16
    INT          ολίσθηση, και μετάβαση στη κατάσταση 17
    STR          ολίσθηση, και μετάβαση στη κατάσταση 18
    REAL         ολίσθηση, και μετάβαση στη κατάσταση 19
    ID           ολίσθηση, και μετάβαση στη κατάσταση 20
    '-'          ολίσθηση, και μετάβαση στη κατάσταση 21
    '['          ολίσθηση, και μετάβαση στη κατάσταση 22
    '('          ολίσθηση, και μετάβαση στη κατάσταση 23
    ';'          ολίσθηση, και μετάβαση στη κατάσταση 24
    '{'          ολίσθηση, και μετάβαση στη κατάσταση 25

    $end  ελάττωση με χρήση του κανόνα 1 (program)

    program     πήγαινε στην κατάσταση 26
    stmt        πήγαινε στην κατάσταση 27
    expr        πήγαινε στην κατάσταση 28
    term        πήγαινε στην κατάσταση 29
    assignexpr  πήγαινε στην κατάσταση 30
    primary     πήγαινε στην κατάσταση 31
    lvalue      πήγαινε στην κατάσταση 32
    member      πήγαινε στην κατάσταση 33
    call        πήγαινε στην κατάσταση 34
    objectdef   πήγαινε στην κατάσταση 35
    blockStmt   πήγαινε στην κατάσταση 36
    funcdef     πήγαινε στην κατάσταση 37
    const       πήγαινε στην κατάσταση 38
    ifstmt      πήγαινε στην κατάσταση 39
    whilestmt   πήγαινε στην κατάσταση 40
    forstmt     πήγαινε στην κατάσταση 41
    returnstmt  πήγαινε στην κατάσταση 42


κατάσταση 1

    3 program: error .

    $default  ελάττωση με χρήση του κανόνα 3 (program)


κατάσταση 2

   95 ifstmt: IF . '(' expr ')' stmt ifstmtExtend

    '('  ολίσθηση, και μετάβαση στη κατάσταση 43


κατάσταση 3

   98 whilestmt: WHILE . '(' expr ')' stmt

    '('  ολίσθηση, και μετάβαση στη κατάσταση 44


κατάσταση 4

   99 forstmt: FOR . '(' elist ';' expr ';' elist ')' stmt

    '('  ολίσθηση, και μετάβαση στη κατάσταση 45


κατάσταση 5

   79 funcdef: FUNCTION . ID $@5 '(' $@6 idlist ')' blockFunc
   82        | FUNCTION . $@7 '(' $@8 idlist ')' blockFunc

    ID  ολίσθηση, και μετάβαση στη κατάσταση 46

    $default  ελάττωση με χρήση του κανόνα 80 ($@7)

    $@7  πήγαινε στην κατάσταση 47


κατάσταση 6

  100 returnstmt: RETURN . expr ';'
  101           | RETURN . ';'

    NOT          ολίσθηση, και μετάβαση στη κατάσταση 9
    LOCAL        ολίσθηση, και μετάβαση στη κατάσταση 10
    TRUE         ολίσθηση, και μετάβαση στη κατάσταση 11
    FALSE        ολίσθηση, και μετάβαση στη κατάσταση 12
    NIL          ολίσθηση, και μετάβαση στη κατάσταση 13
    PLUS_PLUS    ολίσθηση, και μετάβαση στη κατάσταση 14
    MINUS_MINUS  ολίσθηση, και μετάβαση στη κατάσταση 15
    COLON_COLON  ολίσθηση, και μετάβαση στη κατάσταση 16
    INT          ολίσθηση, και μετάβαση στη κατάσταση 17
    STR          ολίσθηση, και μετάβαση στη κατάσταση 18
    REAL         ολίσθηση, και μετάβαση στη κατάσταση 19
    ID           ολίσθηση, και μετάβαση στη κατάσταση 20
    '-'          ολίσθηση, και μετάβαση στη κατάσταση 21
    '['          ολίσθηση, και μετάβαση στη κατάσταση 22
    '('          ολίσθηση, και μετάβαση στη κατάσταση 23
    ';'          ολίσθηση, και μετάβαση στη κατάσταση 48

    expr        πήγαινε στην κατάσταση 49
    term        πήγαινε στην κατάσταση 29
    assignexpr  πήγαινε στην κατάσταση 30
    primary     πήγαινε στην κατάσταση 31
    lvalue      πήγαινε στην κατάσταση 32
    member      πήγαινε στην κατάσταση 33
    call        πήγαινε στην κατάσταση 34
    objectdef   πήγαινε στην κατάσταση 35
    const       πήγαινε στην κατάσταση 38


κατάσταση 7

    9 stmt: BREAK . ';'

    ';'  ολίσθηση, και μετάβαση στη κατάσταση 50


κατάσταση 8

   10 stmt: CONTINUE . ';'

    ';'  ολίσθηση, και μετάβαση στη κατάσταση 51


κατάσταση 9

   32 term: NOT . expr

    NOT          ολίσθηση, και μετάβαση στη κατάσταση 9
    LOCAL        ολίσθηση, και μετάβαση στη κατάσταση 10
    TRUE         ολίσθηση, και μετάβαση στη κατάσταση 11
    FALSE        ολίσθηση, και μετάβαση στη κατάσταση 12
    NIL          ολίσθηση, και μετάβαση στη κατάσταση 13
    PLUS_PLUS    ολίσθηση, και μετάβαση στη κατάσταση 14
    MINUS_MINUS  ολίσθηση, και μετάβαση στη κατάσταση 15
    COLON_COLON  ολίσθηση, και μετάβαση στη κατάσταση 16
    INT          ολίσθηση, και μετάβαση στη κατάσταση 17
    STR          ολίσθηση, και μετάβαση στη κατάσταση 18
    REAL         ολίσθηση, και μετάβαση στη κατάσταση 19
    ID           ολίσθηση, και μετάβαση στη κατάσταση 20
    '-'          ολίσθηση, και μετάβαση στη κατάσταση 21
    '['          ολίσθηση, και μετάβαση στη κατάσταση 22
    '('          ολίσθηση, και μετάβαση στη κατάσταση 23

    expr        πήγαινε στην κατάσταση 52
    term        πήγαινε στην κατάσταση 29
    assignexpr  πήγαινε στην κατάσταση 30
    primary     πήγαινε στην κατάσταση 31
    lvalue      πήγαινε στην κατάσταση 32
    member      πήγαινε στην κατάσταση 33
    call        πήγαινε στην κατάσταση 34
    objectdef   πήγαινε στην κατάσταση 35
    const       πήγαινε στην κατάσταση 38


κατάσταση 10

   46 lvalue: LOCAL . ID

    ID  ολίσθηση, και μετάβαση στη κατάσταση 53


κατάσταση 11

   87 const: TRUE .

    $default  ελάττωση με χρήση του κανόνα 87 (const)


κατάσταση 12

   88 const: FALSE .

    $default  ελάττωση με χρήση του κανόνα 88 (const)


κατάσταση 13

   86 const: NIL .

    $default  ελάττωση με χρήση του κανόνα 86 (const)


κατάσταση 14

   33 term: PLUS_PLUS . lvalue

    LOCAL        ολίσθηση, και μετάβαση στη κατάσταση 10
    COLON_COLON  ολίσθηση, και μετάβαση στη κατάσταση 16
    ID           ολίσθηση, και μετάβαση στη κατάσταση 20
    '('          ολίσθηση, και μετάβαση στη κατάσταση 54

    lvalue  πήγαινε στην κατάσταση 55
    member  πήγαινε στην κατάσταση 33
    call    πήγαινε στην κατάσταση 56


κατάσταση 15

   35 term: MINUS_MINUS . lvalue

    LOCAL        ολίσθηση, και μετάβαση στη κατάσταση 10
    COLON_COLON  ολίσθηση, και μετάβαση στη κατάσταση 16
    ID           ολίσθηση, και μετάβαση στη κατάσταση 20
    '('          ολίσθηση, και μετάβαση στη κατάσταση 54

    lvalue  πήγαινε στην κατάσταση 57
    member  πήγαινε στην κατάσταση 33
    call    πήγαινε στην κατάσταση 56


κατάσταση 16

   47 lvalue: COLON_COLON . ID

    ID  ολίσθηση, και μετάβαση στη κατάσταση 58


κατάσταση 17

   84 const: INT .

    $default  ελάττωση με χρήση του κανόνα 84 (const)


κατάσταση 18

   85 const: STR .

    $default  ελάττωση με χρήση του κανόνα 85 (const)


κατάσταση 19

   83 const: REAL .

    $default  ελάττωση με χρήση του κανόνα 83 (const)


κατάσταση 20

   45 lvalue: ID .

    $default  ελάττωση με χρήση του κανόνα 45 (lvalue)


κατάσταση 21

   31 term: '-' . expr

    NOT          ολίσθηση, και μετάβαση στη κατάσταση 9
    LOCAL        ολίσθηση, και μετάβαση στη κατάσταση 10
    TRUE         ολίσθηση, και μετάβαση στη κατάσταση 11
    FALSE        ολίσθηση, και μετάβαση στη κατάσταση 12
    NIL          ολίσθηση, και μετάβαση στη κατάσταση 13
    PLUS_PLUS    ολίσθηση, και μετάβαση στη κατάσταση 14
    MINUS_MINUS  ολίσθηση, και μετάβαση στη κατάσταση 15
    COLON_COLON  ολίσθηση, και μετάβαση στη κατάσταση 16
    INT          ολίσθηση, και μετάβαση στη κατάσταση 17
    STR          ολίσθηση, και μετάβαση στη κατάσταση 18
    REAL         ολίσθηση, και μετάβαση στη κατάσταση 19
    ID           ολίσθηση, και μετάβαση στη κατάσταση 20
    '-'          ολίσθηση, και μετάβαση στη κατάσταση 21
    '['          ολίσθηση, και μετάβαση στη κατάσταση 22
    '('          ολίσθηση, και μετάβαση στη κατάσταση 23

    expr        πήγαινε στην κατάσταση 59
    term        πήγαινε στην κατάσταση 29
    assignexpr  πήγαινε στην κατάσταση 30
    primary     πήγαινε στην κατάσταση 31
    lvalue      πήγαινε στην κατάσταση 32
    member      πήγαινε στην κατάσταση 33
    call        πήγαινε στην κατάσταση 34
    objectdef   πήγαινε στην κατάσταση 35
    const       πήγαινε στην κατάσταση 38


κατάσταση 22

   65 objectdef: '[' . elist ']'
   66          | '[' . indexed ']'

    NOT          ολίσθηση, και μετάβαση στη κατάσταση 9
    LOCAL        ολίσθηση, και μετάβαση στη κατάσταση 10
    TRUE         ολίσθηση, και μετάβαση στη κατάσταση 11
    FALSE        ολίσθηση, και μετάβαση στη κατάσταση 12
    NIL          ολίσθηση, και μετάβαση στη κατάσταση 13
    PLUS_PLUS    ολίσθηση, και μετάβαση στη κατάσταση 14
    MINUS_MINUS  ολίσθηση, και μετάβαση στη κατάσταση 15
    COLON_COLON  ολίσθηση, και μετάβαση στη κατάσταση 16
    INT          ολίσθηση, και μετάβαση στη κατάσταση 17
    STR          ολίσθηση, και μετάβαση στη κατάσταση 18
    REAL         ολίσθηση, και μετάβαση στη κατάσταση 19
    ID           ολίσθηση, και μετάβαση στη κατάσταση 20
    '-'          ολίσθηση, και μετάβαση στη κατάσταση 21
    '['          ολίσθηση, και μετάβαση στη κατάσταση 22
    '('          ολίσθηση, και μετάβαση στη κατάσταση 23
    '{'          ολίσθηση, και μετάβαση στη κατάσταση 60

    ']'       ελάττωση με χρήση του κανόνα 60 (elist)
    ']'       [ελάττωση με χρήση του κανόνα 67 (indexed)]
    $default  ελάττωση με χρήση του κανόνα 60 (elist)

    expr         πήγαινε στην κατάσταση 61
    term         πήγαινε στην κατάσταση 29
    assignexpr   πήγαινε στην κατάσταση 30
    primary      πήγαινε στην κατάσταση 31
    lvalue       πήγαινε στην κατάσταση 32
    member       πήγαινε στην κατάσταση 33
    call         πήγαινε στην κατάσταση 34
    elist        πήγαινε στην κατάσταση 62
    objectdef    πήγαινε στην κατάσταση 35
    indexed      πήγαινε στην κατάσταση 63
    indexedelem  πήγαινε στην κατάσταση 64
    const        πήγαινε στην κατάσταση 38


κατάσταση 23

   30 term: '(' . expr ')'
   43 primary: '(' . funcdef ')'
   55 call: '(' . funcdef ')' '(' elist ')'

    FUNCTION     ολίσθηση, και μετάβαση στη κατάσταση 5
    NOT          ολίσθηση, και μετάβαση στη κατάσταση 9
    LOCAL        ολίσθηση, και μετάβαση στη κατάσταση 10
    TRUE         ολίσθηση, και μετάβαση στη κατάσταση 11
    FALSE        ολίσθηση, και μετάβαση στη κατάσταση 12
    NIL          ολίσθηση, και μετάβαση στη κατάσταση 13
    PLUS_PLUS    ολίσθηση, και μετάβαση στη κατάσταση 14
    MINUS_MINUS  ολίσθηση, και μετάβαση στη κατάσταση 15
    COLON_COLON  ολίσθηση, και μετάβαση στη κατάσταση 16
    INT          ολίσθηση, και μετάβαση στη κατάσταση 17
    STR          ολίσθηση, και μετάβαση στη κατάσταση 18
    REAL         ολίσθηση, και μετάβαση στη κατάσταση 19
    ID           ολίσθηση, και μετάβαση στη κατάσταση 20
    '-'          ολίσθηση, και μετάβαση στη κατάσταση 21
    '['          ολίσθηση, και μετάβαση στη κατάσταση 22
    '('          ολίσθηση, και μετάβαση στη κατάσταση 23

    expr        πήγαινε στην κατάσταση 65
    term        πήγαινε στην κατάσταση 29
    assignexpr  πήγαινε στην κατάσταση 30
    primary     πήγαινε στην κατάσταση 31
    lvalue      πήγαινε στην κατάσταση 32
    member      πήγαινε στην κατάσταση 33
    call        πήγαινε στην κατάσταση 34
    objectdef   πήγαινε στην κατάσταση 35
    funcdef     πήγαινε στην κατάσταση 66
    const       πήγαινε στην κατάσταση 38


κατάσταση 24

   13 stmt: ';' .

    $default  ελάττωση με χρήση του κανόνα 13 (stmt)


κατάσταση 25

   74 blockStmt: '{' . $@2 program $@3 '}'

    $default  ελάττωση με χρήση του κανόνα 72 ($@2)

    $@2  πήγαινε στην κατάσταση 67


κατάσταση 26

    0 $accept: program . $end

    $end  ολίσθηση, και μετάβαση στη κατάσταση 68


κατάσταση 27

    2 program: stmt . program

    error        ολίσθηση, και μετάβαση στη κατάσταση 1
    IF           ολίσθηση, και μετάβαση στη κατάσταση 2
    WHILE        ολίσθηση, και μετάβαση στη κατάσταση 3
    FOR          ολίσθηση, και μετάβαση στη κατάσταση 4
    FUNCTION     ολίσθηση, και μετάβαση στη κατάσταση 5
    RETURN       ολίσθηση, και μετάβαση στη κατάσταση 6
    BREAK        ολίσθηση, και μετάβαση στη κατάσταση 7
    CONTINUE     ολίσθηση, και μετάβαση στη κατάσταση 8
    NOT          ολίσθηση, και μετάβαση στη κατάσταση 9
    LOCAL        ολίσθηση, και μετάβαση στη κατάσταση 10
    TRUE         ολίσθηση, και μετάβαση στη κατάσταση 11
    FALSE        ολίσθηση, και μετάβαση στη κατάσταση 12
    NIL          ολίσθηση, και μετάβαση στη κατάσταση 13
    PLUS_PLUS    ολίσθηση, και μετάβαση στη κατάσταση 14
    MINUS_MINUS  ολίσθηση, και μετάβαση στη κατάσταση 15
    COLON_COLON  ολίσθηση, και μετάβαση στη κατάσταση 16
    INT          ολίσθηση, και μετάβαση στη κατάσταση 17
    STR          ολίσθηση, και μετάβαση στη κατάσταση 18
    REAL         ολίσθηση, και μετάβαση στη κατάσταση 19
    ID           ολίσθηση, και μετάβαση στη κατάσταση 20
    '-'          ολίσθηση, και μετάβαση στη κατάσταση 21
    '['          ολίσθηση, και μετάβαση στη κατάσταση 22
    '('          ολίσθηση, και μετάβαση στη κατάσταση 23
    ';'          ολίσθηση, και μετάβαση στη κατάσταση 24
    '{'          ολίσθηση, και μετάβαση στη κατάσταση 25

    $end  ελάττωση με χρήση του κανόνα 1 (program)
    '}'   ελάττωση με χρήση του κανόνα 1 (program)

    program     πήγαινε στην κατάσταση 69
    stmt        πήγαινε στην κατάσταση 27
    expr        πήγαινε στην κατάσταση 28
    term        πήγαινε στην κατάσταση 29
    assignexpr  πήγαινε στην κατάσταση 30
    primary     πήγαινε στην κατάσταση 31
    lvalue      πήγαινε στην κατάσταση 32
    member      πήγαινε στην κατάσταση 33
    call        πήγαινε στην κατάσταση 34
    objectdef   πήγαινε στην κατάσταση 35
    blockStmt   πήγαινε στην κατάσταση 36
    funcdef     πήγαινε στην κατάσταση 37
    const       πήγαινε στην κατάσταση 38
    ifstmt      πήγαινε στην κατάσταση 39
    whilestmt   πήγαινε στην κατάσταση 40
    forstmt     πήγαινε στην κατάσταση 41
    returnstmt  πήγαινε στην κατάσταση 42


κατάσταση 28

    4 stmt: expr . ';'
   15 expr: expr . op expr

    AND            ολίσθηση, και μετάβαση στη κατάσταση 70
    OR             ολίσθηση, και μετάβαση στη κατάσταση 71
    EQUAL_EQUAL    ολίσθηση, και μετάβαση στη κατάσταση 72
    NOT_EQUAL      ολίσθηση, και μετάβαση στη κατάσταση 73
    LESS_EQUAL     ολίσθηση, και μετάβαση στη κατάσταση 74
    GREATER_EQUAL  ολίσθηση, και μετάβαση στη κατάσταση 75
    '>'            ολίσθηση, και μετάβαση στη κατάσταση 76
    '<'            ολίσθηση, και μετάβαση στη κατάσταση 77
    '+'            ολίσθηση, και μετάβαση στη κατάσταση 78
    '-'            ολίσθηση, και μετάβαση στη κατάσταση 79
    '*'            ολίσθηση, και μετάβαση στη κατάσταση 80
    '/'            ολίσθηση, και μετάβαση στη κατάσταση 81
    '%'            ολίσθηση, και μετάβαση στη κατάσταση 82
    ';'            ολίσθηση, και μετάβαση στη κατάσταση 83

    op  πήγαινε στην κατάσταση 84


κατάσταση 29

   16 expr: term .

    $default  ελάττωση με χρήση του κανόνα 16 (expr)


κατάσταση 30

   14 expr: assignexpr .

    $default  ελάττωση με χρήση του κανόνα 14 (expr)


κατάσταση 31

   37 term: primary .

    $default  ελάττωση με χρήση του κανόνα 37 (term)


κατάσταση 32

   34 term: lvalue . PLUS_PLUS
   36     | lvalue . MINUS_MINUS
   39 assignexpr: lvalue . $@1 '=' expr
   41 primary: lvalue .
   49 member: lvalue . '.' ID
   50       | lvalue . '[' expr ']'
   54 call: lvalue . callsuffix

    PLUS_PLUS    ολίσθηση, και μετάβαση στη κατάσταση 85
    MINUS_MINUS  ολίσθηση, και μετάβαση στη κατάσταση 86
    DOT_DOT      ολίσθηση, και μετάβαση στη κατάσταση 87
    '.'          ολίσθηση, και μετάβαση στη κατάσταση 88
    '['          ολίσθηση, και μετάβαση στη κατάσταση 89
    '('          ολίσθηση, και μετάβαση στη κατάσταση 90

    '='       ελάττωση με χρήση του κανόνα 38 ($@1)
    $default  ελάττωση με χρήση του κανόνα 41 (primary)

    $@1         πήγαινε στην κατάσταση 91
    callsuffix  πήγαινε στην κατάσταση 92
    normcall    πήγαινε στην κατάσταση 93
    methodcall  πήγαινε στην κατάσταση 94


κατάσταση 33

   48 lvalue: member .

    $default  ελάττωση με χρήση του κανόνα 48 (lvalue)


κατάσταση 34

   40 primary: call .
   51 member: call . '[' expr ']'
   52       | call . '.' ID
   53 call: call . '(' elist ')'

    '.'  ολίσθηση, και μετάβαση στη κατάσταση 95
    '['  ολίσθηση, και μετάβαση στη κατάσταση 96
    '('  ολίσθηση, και μετάβαση στη κατάσταση 97

    $default  ελάττωση με χρήση του κανόνα 40 (primary)


κατάσταση 35

   42 primary: objectdef .

    $default  ελάττωση με χρήση του κανόνα 42 (primary)


κατάσταση 36

   11 stmt: blockStmt .

    $default  ελάττωση με χρήση του κανόνα 11 (stmt)


κατάσταση 37

   12 stmt: funcdef .

    $default  ελάττωση με χρήση του κανόνα 12 (stmt)


κατάσταση 38

   44 primary: const .

    $default  ελάττωση με χρήση του κανόνα 44 (primary)


κατάσταση 39

    5 stmt: ifstmt .

    $default  ελάττωση με χρήση του κανόνα 5 (stmt)


κατάσταση 40

    6 stmt: whilestmt .

    $default  ελάττωση με χρήση του κανόνα 6 (stmt)


κατάσταση 41

    7 stmt: forstmt .

    $default  ελάττωση με χρήση του κανόνα 7 (stmt)


κατάσταση 42

    8 stmt: returnstmt .

    $default  ελάττωση με χρήση του κανόνα 8 (stmt)


κατάσταση 43

   95 ifstmt: IF '(' . expr ')' stmt ifstmtExtend

    NOT          ολίσθηση, και μετάβαση στη κατάσταση 9
    LOCAL        ολίσθηση, και μετάβαση στη κατάσταση 10
    TRUE         ολίσθηση, και μετάβαση στη κατάσταση 11
    FALSE        ολίσθηση, και μετάβαση στη κατάσταση 12
    NIL          ολίσθηση, και μετάβαση στη κατάσταση 13
    PLUS_PLUS    ολίσθηση, και μετάβαση στη κατάσταση 14
    MINUS_MINUS  ολίσθηση, και μετάβαση στη κατάσταση 15
    COLON_COLON  ολίσθηση, και μετάβαση στη κατάσταση 16
    INT          ολίσθηση, και μετάβαση στη κατάσταση 17
    STR          ολίσθηση, και μετάβαση στη κατάσταση 18
    REAL         ολίσθηση, και μετάβαση στη κατάσταση 19
    ID           ολίσθηση, και μετάβαση στη κατάσταση 20
    '-'          ολίσθηση, και μετάβαση στη κατάσταση 21
    '['          ολίσθηση, και μετάβαση στη κατάσταση 22
    '('          ολίσθηση, και μετάβαση στη κατάσταση 23

    expr        πήγαινε στην κατάσταση 98
    term        πήγαινε στην κατάσταση 29
    assignexpr  πήγαινε στην κατάσταση 30
    primary     πήγαινε στην κατάσταση 31
    lvalue      πήγαινε στην κατάσταση 32
    member      πήγαινε στην κατάσταση 33
    call        πήγαινε στην κατάσταση 34
    objectdef   πήγαινε στην κατάσταση 35
    const       πήγαινε στην κατάσταση 38


κατάσταση 44

   98 whilestmt: WHILE '(' . expr ')' stmt

    NOT          ολίσθηση, και μετάβαση στη κατάσταση 9
    LOCAL        ολίσθηση, και μετάβαση στη κατάσταση 10
    TRUE         ολίσθηση, και μετάβαση στη κατάσταση 11
    FALSE        ολίσθηση, και μετάβαση στη κατάσταση 12
    NIL          ολίσθηση, και μετάβαση στη κατάσταση 13
    PLUS_PLUS    ολίσθηση, και μετάβαση στη κατάσταση 14
    MINUS_MINUS  ολίσθηση, και μετάβαση στη κατάσταση 15
    COLON_COLON  ολίσθηση, και μετάβαση στη κατάσταση 16
    INT          ολίσθηση, και μετάβαση στη κατάσταση 17
    STR          ολίσθηση, και μετάβαση στη κατάσταση 18
    REAL         ολίσθηση, και μετάβαση στη κατάσταση 19
    ID           ολίσθηση, και μετάβαση στη κατάσταση 20
    '-'          ολίσθηση, και μετάβαση στη κατάσταση 21
    '['          ολίσθηση, και μετάβαση στη κατάσταση 22
    '('          ολίσθηση, και μετάβαση στη κατάσταση 23

    expr        πήγαινε στην κατάσταση 99
    term        πήγαινε στην κατάσταση 29
    assignexpr  πήγαινε στην κατάσταση 30
    primary     πήγαινε στην κατάσταση 31
    lvalue      πήγαινε στην κατάσταση 32
    member      πήγαινε στην κατάσταση 33
    call        πήγαινε στην κατάσταση 34
    objectdef   πήγαινε στην κατάσταση 35
    const       πήγαινε στην κατάσταση 38


κατάσταση 45

   99 forstmt: FOR '(' . elist ';' expr ';' elist ')' stmt

    NOT          ολίσθηση, και μετάβαση στη κατάσταση 9
    LOCAL        ολίσθηση, και μετάβαση στη κατάσταση 10
    TRUE         ολίσθηση, και μετάβαση στη κατάσταση 11
    FALSE        ολίσθηση, και μετάβαση στη κατάσταση 12
    NIL          ολίσθηση, και μετάβαση στη κατάσταση 13
    PLUS_PLUS    ολίσθηση, και μετάβαση στη κατάσταση 14
    MINUS_MINUS  ολίσθηση, και μετάβαση στη κατάσταση 15
    COLON_COLON  ολίσθηση, και μετάβαση στη κατάσταση 16
    INT          ολίσθηση, και μετάβαση στη κατάσταση 17
    STR          ολίσθηση, και μετάβαση στη κατάσταση 18
    REAL         ολίσθηση, και μετάβαση στη κατάσταση 19
    ID           ολίσθηση, και μετάβαση στη κατάσταση 20
    '-'          ολίσθηση, και μετάβαση στη κατάσταση 21
    '['          ολίσθηση, και μετάβαση στη κατάσταση 22
    '('          ολίσθηση, και μετάβαση στη κατάσταση 23

    $default  ελάττωση με χρήση του κανόνα 60 (elist)

    expr        πήγαινε στην κατάσταση 61
    term        πήγαινε στην κατάσταση 29
    assignexpr  πήγαινε στην κατάσταση 30
    primary     πήγαινε στην κατάσταση 31
    lvalue      πήγαινε στην κατάσταση 32
    member      πήγαινε στην κατάσταση 33
    call        πήγαινε στην κατάσταση 34
    elist       πήγαινε στην κατάσταση 100
    objectdef   πήγαινε στην κατάσταση 35
    const       πήγαινε στην κατάσταση 38


κατάσταση 46

   79 funcdef: FUNCTION ID . $@5 '(' $@6 idlist ')' blockFunc

    $default  ελάττωση με χρήση του κανόνα 77 ($@5)

    $@5  πήγαινε στην κατάσταση 101


κατάσταση 47

   82 funcdef: FUNCTION $@7 . '(' $@8 idlist ')' blockFunc

    '('  ολίσθηση, και μετάβαση στη κατάσταση 102


κατάσταση 48

  101 returnstmt: RETURN ';' .

    $default  ελάττωση με χρήση του κανόνα 101 (returnstmt)


κατάσταση 49

   15 expr: expr . op expr
  100 returnstmt: RETURN expr . ';'

    AND            ολίσθηση, και μετάβαση στη κατάσταση 70
    OR             ολίσθηση, και μετάβαση στη κατάσταση 71
    EQUAL_EQUAL    ολίσθηση, και μετάβαση στη κατάσταση 72
    NOT_EQUAL      ολίσθηση, και μετάβαση στη κατάσταση 73
    LESS_EQUAL     ολίσθηση, και μετάβαση στη κατάσταση 74
    GREATER_EQUAL  ολίσθηση, και μετάβαση στη κατάσταση 75
    '>'            ολίσθηση, και μετάβαση στη κατάσταση 76
    '<'            ολίσθηση, και μετάβαση στη κατάσταση 77
    '+'            ολίσθηση, και μετάβαση στη κατάσταση 78
    '-'            ολίσθηση, και μετάβαση στη κατάσταση 79
    '*'            ολίσθηση, και μετάβαση στη κατάσταση 80
    '/'            ολίσθηση, και μετάβαση στη κατάσταση 81
    '%'            ολίσθηση, και μετάβαση στη κατάσταση 82
    ';'            ολίσθηση, και μετάβαση στη κατάσταση 103

    op  πήγαινε στην κατάσταση 84


κατάσταση 50

    9 stmt: BREAK ';' .

    $default  ελάττωση με χρήση του κανόνα 9 (stmt)


κατάσταση 51

   10 stmt: CONTINUE ';' .

    $default  ελάττωση με χρήση του κανόνα 10 (stmt)


κατάσταση 52

   15 expr: expr . op expr
   32 term: NOT expr .

    $default  ελάττωση με χρήση του κανόνα 32 (term)

    op  πήγαινε στην κατάσταση 84


κατάσταση 53

   46 lvalue: LOCAL ID .

    $default  ελάττωση με χρήση του κανόνα 46 (lvalue)


κατάσταση 54

   55 call: '(' . funcdef ')' '(' elist ')'

    FUNCTION  ολίσθηση, και μετάβαση στη κατάσταση 5

    funcdef  πήγαινε στην κατάσταση 104


κατάσταση 55

   33 term: PLUS_PLUS lvalue .
   49 member: lvalue . '.' ID
   50       | lvalue . '[' expr ']'
   54 call: lvalue . callsuffix

    DOT_DOT  ολίσθηση, και μετάβαση στη κατάσταση 87
    '.'      ολίσθηση, και μετάβαση στη κατάσταση 88
    '['      ολίσθηση, και μετάβαση στη κατάσταση 89
    '('      ολίσθηση, και μετάβαση στη κατάσταση 90

    $default  ελάττωση με χρήση του κανόνα 33 (term)

    callsuffix  πήγαινε στην κατάσταση 92
    normcall    πήγαινε στην κατάσταση 93
    methodcall  πήγαινε στην κατάσταση 94


κατάσταση 56

   51 member: call . '[' expr ']'
   52       | call . '.' ID
   53 call: call . '(' elist ')'

    '.'  ολίσθηση, και μετάβαση στη κατάσταση 95
    '['  ολίσθηση, και μετάβαση στη κατάσταση 96
    '('  ολίσθηση, και μετάβαση στη κατάσταση 97


κατάσταση 57

   35 term: MINUS_MINUS lvalue .
   49 member: lvalue . '.' ID
   50       | lvalue . '[' expr ']'
   54 call: lvalue . callsuffix

    DOT_DOT  ολίσθηση, και μετάβαση στη κατάσταση 87
    '.'      ολίσθηση, και μετάβαση στη κατάσταση 88
    '['      ολίσθηση, και μετάβαση στη κατάσταση 89
    '('      ολίσθηση, και μετάβαση στη κατάσταση 90

    $default  ελάττωση με χρήση του κανόνα 35 (term)

    callsuffix  πήγαινε στην κατάσταση 92
    normcall    πήγαινε στην κατάσταση 93
    methodcall  πήγαινε στην κατάσταση 94


κατάσταση 58

   47 lvalue: COLON_COLON ID .

    $default  ελάττωση με χρήση του κανόνα 47 (lvalue)


κατάσταση 59

   15 expr: expr . op expr
   31 term: '-' expr .

    $default  ελάττωση με χρήση του κανόνα 31 (term)

    op  πήγαινε στην κατάσταση 84


κατάσταση 60

   71 indexedelem: '{' . expr ':' expr '}'

    NOT          ολίσθηση, και μετάβαση στη κατάσταση 9
    LOCAL        ολίσθηση, και μετάβαση στη κατάσταση 10
    TRUE         ολίσθηση, και μετάβαση στη κατάσταση 11
    FALSE        ολίσθηση, και μετάβαση στη κατάσταση 12
    NIL          ολίσθηση, και μετάβαση στη κατάσταση 13
    PLUS_PLUS    ολίσθηση, και μετάβαση στη κατάσταση 14
    MINUS_MINUS  ολίσθηση, και μετάβαση στη κατάσταση 15
    COLON_COLON  ολίσθηση, και μετάβαση στη κατάσταση 16
    INT          ολίσθηση, και μετάβαση στη κατάσταση 17
    STR          ολίσθηση, και μετάβαση στη κατάσταση 18
    REAL         ολίσθηση, και μετάβαση στη κατάσταση 19
    ID           ολίσθηση, και μετάβαση στη κατάσταση 20
    '-'          ολίσθηση, και μετάβαση στη κατάσταση 21
    '['          ολίσθηση, και μετάβαση στη κατάσταση 22
    '('          ολίσθηση, και μετάβαση στη κατάσταση 23

    expr        πήγαινε στην κατάσταση 105
    term        πήγαινε στην κατάσταση 29
    assignexpr  πήγαινε στην κατάσταση 30
    primary     πήγαινε στην κατάσταση 31
    lvalue      πήγαινε στην κατάσταση 32
    member      πήγαινε στην κατάσταση 33
    call        πήγαινε στην κατάσταση 34
    objectdef   πήγαινε στην κατάσταση 35
    const       πήγαινε στην κατάσταση 38


κατάσταση 61

   15 expr: expr . op expr
   61 elist: expr .
   62      | expr . elistExtend

    AND            ολίσθηση, και μετάβαση στη κατάσταση 70
    OR             ολίσθηση, και μετάβαση στη κατάσταση 71
    EQUAL_EQUAL    ολίσθηση, και μετάβαση στη κατάσταση 72
    NOT_EQUAL      ολίσθηση, και μετάβαση στη κατάσταση 73
    LESS_EQUAL     ολίσθηση, και μετάβαση στη κατάσταση 74
    GREATER_EQUAL  ολίσθηση, και μετάβαση στη κατάσταση 75
    '>'            ολίσθηση, και μετάβαση στη κατάσταση 76
    '<'            ολίσθηση, και μετάβαση στη κατάσταση 77
    '+'            ολίσθηση, και μετάβαση στη κατάσταση 78
    '-'            ολίσθηση, και μετάβαση στη κατάσταση 79
    '*'            ολίσθηση, και μετάβαση στη κατάσταση 80
    '/'            ολίσθηση, και μετάβαση στη κατάσταση 81
    '%'            ολίσθηση, και μετάβαση στη κατάσταση 82
    ','            ολίσθηση, και μετάβαση στη κατάσταση 106

    ']'       ελάττωση με χρήση του κανόνα 61 (elist)
    ']'       [ελάττωση με χρήση του κανόνα 63 (elistExtend)]
    ')'       ελάττωση με χρήση του κανόνα 61 (elist)
    ')'       [ελάττωση με χρήση του κανόνα 63 (elistExtend)]
    ';'       ελάττωση με χρήση του κανόνα 61 (elist)
    ';'       [ελάττωση με χρήση του κανόνα 63 (elistExtend)]
    $default  ελάττωση με χρήση του κανόνα 61 (elist)

    op           πήγαινε στην κατάσταση 84
    elistExtend  πήγαινε στην κατάσταση 107


κατάσταση 62

   65 objectdef: '[' elist . ']'

    ']'  ολίσθηση, και μετάβαση στη κατάσταση 108


κατάσταση 63

   66 objectdef: '[' indexed . ']'

    ']'  ολίσθηση, και μετάβαση στη κατάσταση 109


κατάσταση 64

   68 indexed: indexedelem . indexedExtend

    ','  ολίσθηση, και μετάβαση στη κατάσταση 110

    $default  ελάττωση με χρήση του κανόνα 69 (indexedExtend)

    indexedExtend  πήγαινε στην κατάσταση 111


κατάσταση 65

   15 expr: expr . op expr
   30 term: '(' expr . ')'

    AND            ολίσθηση, και μετάβαση στη κατάσταση 70
    OR             ολίσθηση, και μετάβαση στη κατάσταση 71
    EQUAL_EQUAL    ολίσθηση, και μετάβαση στη κατάσταση 72
    NOT_EQUAL      ολίσθηση, και μετάβαση στη κατάσταση 73
    LESS_EQUAL     ολίσθηση, και μετάβαση στη κατάσταση 74
    GREATER_EQUAL  ολίσθηση, και μετάβαση στη κατάσταση 75
    '>'            ολίσθηση, και μετάβαση στη κατάσταση 76
    '<'            ολίσθηση, και μετάβαση στη κατάσταση 77
    '+'            ολίσθηση, και μετάβαση στη κατάσταση 78
    '-'            ολίσθηση, και μετάβαση στη κατάσταση 79
    '*'            ολίσθηση, και μετάβαση στη κατάσταση 80
    '/'            ολίσθηση, και μετάβαση στη κατάσταση 81
    '%'            ολίσθηση, και μετάβαση στη κατάσταση 82
    ')'            ολίσθηση, και μετάβαση στη κατάσταση 112

    op  πήγαινε στην κατάσταση 84


κατάσταση 66

   43 primary: '(' funcdef . ')'
   55 call: '(' funcdef . ')' '(' elist ')'

    ')'  ολίσθηση, και μετάβαση στη κατάσταση 113


κατάσταση 67

   74 blockStmt: '{' $@2 . program $@3 '}'

    error        ολίσθηση, και μετάβαση στη κατάσταση 1
    IF           ολίσθηση, και μετάβαση στη κατάσταση 2
    WHILE        ολίσθηση, και μετάβαση στη κατάσταση 3
    FOR          ολίσθηση, και μετάβαση στη κατάσταση 4
    FUNCTION     ολίσθηση, και μετάβαση στη κατάσταση 5
    RETURN       ολίσθηση, και μετάβαση στη κατάσταση 6
    BREAK        ολίσθηση, και μετάβαση στη κατάσταση 7
    CONTINUE     ολίσθηση, και μετάβαση στη κατάσταση 8
    NOT          ολίσθηση, και μετάβαση στη κατάσταση 9
    LOCAL        ολίσθηση, και μετάβαση στη κατάσταση 10
    TRUE         ολίσθηση, και μετάβαση στη κατάσταση 11
    FALSE        ολίσθηση, και μετάβαση στη κατάσταση 12
    NIL          ολίσθηση, και μετάβαση στη κατάσταση 13
    PLUS_PLUS    ολίσθηση, και μετάβαση στη κατάσταση 14
    MINUS_MINUS  ολίσθηση, και μετάβαση στη κατάσταση 15
    COLON_COLON  ολίσθηση, και μετάβαση στη κατάσταση 16
    INT          ολίσθηση, και μετάβαση στη κατάσταση 17
    STR          ολίσθηση, και μετάβαση στη κατάσταση 18
    REAL         ολίσθηση, και μετάβαση στη κατάσταση 19
    ID           ολίσθηση, και μετάβαση στη κατάσταση 20
    '-'          ολίσθηση, και μετάβαση στη κατάσταση 21
    '['          ολίσθηση, και μετάβαση στη κατάσταση 22
    '('          ολίσθηση, και μετάβαση στη κατάσταση 23
    ';'          ολίσθηση, και μετάβαση στη κατάσταση 24
    '{'          ολίσθηση, και μετάβαση στη κατάσταση 25

    '}'  ελάττωση με χρήση του κανόνα 1 (program)

    program     πήγαινε στην κατάσταση 114
    stmt        πήγαινε στην κατάσταση 27
    expr        πήγαινε στην κατάσταση 28
    term        πήγαινε στην κατάσταση 29
    assignexpr  πήγαινε στην κατάσταση 30
    primary     πήγαινε στην κατάσταση 31
    lvalue      πήγαινε στην κατάσταση 32
    member      πήγαινε στην κατάσταση 33
    call        πήγαινε στην κατάσταση 34
    objectdef   πήγαινε στην κατάσταση 35
    blockStmt   πήγαινε στην κατάσταση 36
    funcdef     πήγαινε στην κατάσταση 37
    const       πήγαινε στην κατάσταση 38
    ifstmt      πήγαινε στην κατάσταση 39
    whilestmt   πήγαινε στην κατάσταση 40
    forstmt     πήγαινε στην κατάσταση 41
    returnstmt  πήγαινε στην κατάσταση 42


κατάσταση 68

    0 $accept: program $end .

    $default  αποδοχή


κατάσταση 69

    2 program: stmt program .

    $default  ελάττωση με χρήση του κανόνα 2 (program)


κατάσταση 70

   28 op: AND .

    $default  ελάττωση με χρήση του κανόνα 28 (op)


κατάσταση 71

   29 op: OR .

    $default  ελάττωση με χρήση του κανόνα 29 (op)


κατάσταση 72

   26 op: EQUAL_EQUAL .

    $default  ελάττωση με χρήση του κανόνα 26 (op)


κατάσταση 73

   27 op: NOT_EQUAL .

    $default  ελάττωση με χρήση του κανόνα 27 (op)


κατάσταση 74

   25 op: LESS_EQUAL .

    $default  ελάττωση με χρήση του κανόνα 25 (op)


κατάσταση 75

   23 op: GREATER_EQUAL .

    $default  ελάττωση με χρήση του κανόνα 23 (op)


κατάσταση 76

   22 op: '>' .

    $default  ελάττωση με χρήση του κανόνα 22 (op)


κατάσταση 77

   24 op: '<' .

    $default  ελάττωση με χρήση του κανόνα 24 (op)


κατάσταση 78

   17 op: '+' .

    $default  ελάττωση με χρήση του κανόνα 17 (op)


κατάσταση 79

   18 op: '-' .

    $default  ελάττωση με χρήση του κανόνα 18 (op)


κατάσταση 80

   19 op: '*' .

    $default  ελάττωση με χρήση του κανόνα 19 (op)


κατάσταση 81

   20 op: '/' .

    $default  ελάττωση με χρήση του κανόνα 20 (op)


κατάσταση 82

   21 op: '%' .

    $default  ελάττωση με χρήση του κανόνα 21 (op)


κατάσταση 83

    4 stmt: expr ';' .

    $default  ελάττωση με χρήση του κανόνα 4 (stmt)


κατάσταση 84

   15 expr: expr op . expr

    NOT          ολίσθηση, και μετάβαση στη κατάσταση 9
    LOCAL        ολίσθηση, και μετάβαση στη κατάσταση 10
    TRUE         ολίσθηση, και μετάβαση στη κατάσταση 11
    FALSE        ολίσθηση, και μετάβαση στη κατάσταση 12
    NIL          ολίσθηση, και μετάβαση στη κατάσταση 13
    PLUS_PLUS    ολίσθηση, και μετάβαση στη κατάσταση 14
    MINUS_MINUS  ολίσθηση, και μετάβαση στη κατάσταση 15
    COLON_COLON  ολίσθηση, και μετάβαση στη κατάσταση 16
    INT          ολίσθηση, και μετάβαση στη κατάσταση 17
    STR          ολίσθηση, και μετάβαση στη κατάσταση 18
    REAL         ολίσθηση, και μετάβαση στη κατάσταση 19
    ID           ολίσθηση, και μετάβαση στη κατάσταση 20
    '-'          ολίσθηση, και μετάβαση στη κατάσταση 21
    '['          ολίσθηση, και μετάβαση στη κατάσταση 22
    '('          ολίσθηση, και μετάβαση στη κατάσταση 23

    expr        πήγαινε στην κατάσταση 115
    term        πήγαινε στην κατάσταση 29
    assignexpr  πήγαινε στην κατάσταση 30
    primary     πήγαινε στην κατάσταση 31
    lvalue      πήγαινε στην κατάσταση 32
    member      πήγαινε στην κατάσταση 33
    call        πήγαινε στην κατάσταση 34
    objectdef   πήγαινε στην κατάσταση 35
    const       πήγαινε στην κατάσταση 38


κατάσταση 85

   34 term: lvalue PLUS_PLUS .

    $default  ελάττωση με χρήση του κανόνα 34 (term)


κατάσταση 86

   36 term: lvalue MINUS_MINUS .

    $default  ελάττωση με χρήση του κανόνα 36 (term)


κατάσταση 87

   59 methodcall: DOT_DOT . ID '(' elist ')'

    ID  ολίσθηση, και μετάβαση στη κατάσταση 116


κατάσταση 88

   49 member: lvalue '.' . ID

    ID  ολίσθηση, και μετάβαση στη κατάσταση 117


κατάσταση 89

   50 member: lvalue '[' . expr ']'

    NOT          ολίσθηση, και μετάβαση στη κατάσταση 9
    LOCAL        ολίσθηση, και μετάβαση στη κατάσταση 10
    TRUE         ολίσθηση, και μετάβαση στη κατάσταση 11
    FALSE        ολίσθηση, και μετάβαση στη κατάσταση 12
    NIL          ολίσθηση, και μετάβαση στη κατάσταση 13
    PLUS_PLUS    ολίσθηση, και μετάβαση στη κατάσταση 14
    MINUS_MINUS  ολίσθηση, και μετάβαση στη κατάσταση 15
    COLON_COLON  ολίσθηση, και μετάβαση στη κατάσταση 16
    INT          ολίσθηση, και μετάβαση στη κατάσταση 17
    STR          ολίσθηση, και μετάβαση στη κατάσταση 18
    REAL         ολίσθηση, και μετάβαση στη κατάσταση 19
    ID           ολίσθηση, και μετάβαση στη κατάσταση 20
    '-'          ολίσθηση, και μετάβαση στη κατάσταση 21
    '['          ολίσθηση, και μετάβαση στη κατάσταση 22
    '('          ολίσθηση, και μετάβαση στη κατάσταση 23

    expr        πήγαινε στην κατάσταση 118
    term        πήγαινε στην κατάσταση 29
    assignexpr  πήγαινε στην κατάσταση 30
    primary     πήγαινε στην κατάσταση 31
    lvalue      πήγαινε στην κατάσταση 32
    member      πήγαινε στην κατάσταση 33
    call        πήγαινε στην κατάσταση 34
    objectdef   πήγαινε στην κατάσταση 35
    const       πήγαινε στην κατάσταση 38


κατάσταση 90

   58 normcall: '(' . elist ')'

    NOT          ολίσθηση, και μετάβαση στη κατάσταση 9
    LOCAL        ολίσθηση, και μετάβαση στη κατάσταση 10
    TRUE         ολίσθηση, και μετάβαση στη κατάσταση 11
    FALSE        ολίσθηση, και μετάβαση στη κατάσταση 12
    NIL          ολίσθηση, και μετάβαση στη κατάσταση 13
    PLUS_PLUS    ολίσθηση, και μετάβαση στη κατάσταση 14
    MINUS_MINUS  ολίσθηση, και μετάβαση στη κατάσταση 15
    COLON_COLON  ολίσθηση, και μετάβαση στη κατάσταση 16
    INT          ολίσθηση, και μετάβαση στη κατάσταση 17
    STR          ολίσθηση, και μετάβαση στη κατάσταση 18
    REAL         ολίσθηση, και μετάβαση στη κατάσταση 19
    ID           ολίσθηση, και μετάβαση στη κατάσταση 20
    '-'          ολίσθηση, και μετάβαση στη κατάσταση 21
    '['          ολίσθηση, και μετάβαση στη κατάσταση 22
    '('          ολίσθηση, και μετάβαση στη κατάσταση 23

    $default  ελάττωση με χρήση του κανόνα 60 (elist)

    expr        πήγαινε στην κατάσταση 61
    term        πήγαινε στην κατάσταση 29
    assignexpr  πήγαινε στην κατάσταση 30
    primary     πήγαινε στην κατάσταση 31
    lvalue      πήγαινε στην κατάσταση 32
    member      πήγαινε στην κατάσταση 33
    call        πήγαινε στην κατάσταση 34
    elist       πήγαινε στην κατάσταση 119
    objectdef   πήγαινε στην κατάσταση 35
    const       πήγαινε στην κατάσταση 38


κατάσταση 91

   39 assignexpr: lvalue $@1 . '=' expr

    '='  ολίσθηση, και μετάβαση στη κατάσταση 120


κατάσταση 92

   54 call: lvalue callsuffix .

    $default  ελάττωση με χρήση του κανόνα 54 (call)


κατάσταση 93

   56 callsuffix: normcall .

    $default  ελάττωση με χρήση του κανόνα 56 (callsuffix)


κατάσταση 94

   57 callsuffix: methodcall .

    $default  ελάττωση με χρήση του κανόνα 57 (callsuffix)


κατάσταση 95

   52 member: call '.' . ID

    ID  ολίσθηση, και μετάβαση στη κατάσταση 121


κατάσταση 96

   51 member: call '[' . expr ']'

    NOT          ολίσθηση, και μετάβαση στη κατάσταση 9
    LOCAL        ολίσθηση, και μετάβαση στη κατάσταση 10
    TRUE         ολίσθηση, και μετάβαση στη κατάσταση 11
    FALSE        ολίσθηση, και μετάβαση στη κατάσταση 12
    NIL          ολίσθηση, και μετάβαση στη κατάσταση 13
    PLUS_PLUS    ολίσθηση, και μετάβαση στη κατάσταση 14
    MINUS_MINUS  ολίσθηση, και μετάβαση στη κατάσταση 15
    COLON_COLON  ολίσθηση, και μετάβαση στη κατάσταση 16
    INT          ολίσθηση, και μετάβαση στη κατάσταση 17
    STR          ολίσθηση, και μετάβαση στη κατάσταση 18
    REAL         ολίσθηση, και μετάβαση στη κατάσταση 19
    ID           ολίσθηση, και μετάβαση στη κατάσταση 20
    '-'          ολίσθηση, και μετάβαση στη κατάσταση 21
    '['          ολίσθηση, και μετάβαση στη κατάσταση 22
    '('          ολίσθηση, και μετάβαση στη κατάσταση 23

    expr        πήγαινε στην κατάσταση 122
    term        πήγαινε στην κατάσταση 29
    assignexpr  πήγαινε στην κατάσταση 30
    primary     πήγαινε στην κατάσταση 31
    lvalue      πήγαινε στην κατάσταση 32
    member      πήγαινε στην κατάσταση 33
    call        πήγαινε στην κατάσταση 34
    objectdef   πήγαινε στην κατάσταση 35
    const       πήγαινε στην κατάσταση 38


κατάσταση 97

   53 call: call '(' . elist ')'

    NOT          ολίσθηση, και μετάβαση στη κατάσταση 9
    LOCAL        ολίσθηση, και μετάβαση στη κατάσταση 10
    TRUE         ολίσθηση, και μετάβαση στη κατάσταση 11
    FALSE        ολίσθηση, και μετάβαση στη κατάσταση 12
    NIL          ολίσθηση, και μετάβαση στη κατάσταση 13
    PLUS_PLUS    ολίσθηση, και μετάβαση στη κατάσταση 14
    MINUS_MINUS  ολίσθηση, και μετάβαση στη κατάσταση 15
    COLON_COLON  ολίσθηση, και μετάβαση στη κατάσταση 16
    INT          ολίσθηση, και μετάβαση στη κατάσταση 17
    STR          ολίσθηση, και μετάβαση στη κατάσταση 18
    REAL         ολίσθηση, και μετάβαση στη κατάσταση 19
    ID           ολίσθηση, και μετάβαση στη κατάσταση 20
    '-'          ολίσθηση, και μετάβαση στη κατάσταση 21
    '['          ολίσθηση, και μετάβαση στη κατάσταση 22
    '('          ολίσθηση, και μετάβαση στη κατάσταση 23

    $default  ελάττωση με χρήση του κανόνα 60 (elist)

    expr        πήγαινε στην κατάσταση 61
    term        πήγαινε στην κατάσταση 29
    assignexpr  πήγαινε στην κατάσταση 30
    primary     πήγαινε στην κατάσταση 31
    lvalue      πήγαινε στην κατάσταση 32
    member      πήγαινε στην κατάσταση 33
    call        πήγαινε στην κατάσταση 34
    elist       πήγαινε στην κατάσταση 123
    objectdef   πήγαινε στην κατάσταση 35
    const       πήγαινε στην κατάσταση 38


κατάσταση 98

   15 expr: expr . op expr
   95 ifstmt: IF '(' expr . ')' stmt ifstmtExtend

    AND            ολίσθηση, και μετάβαση στη κατάσταση 70
    OR             ολίσθηση, και μετάβαση στη κατάσταση 71
    EQUAL_EQUAL    ολίσθηση, και μετάβαση στη κατάσταση 72
    NOT_EQUAL      ολίσθηση, και μετάβαση στη κατάσταση 73
    LESS_EQUAL     ολίσθηση, και μετάβαση στη κατάσταση 74
    GREATER_EQUAL  ολίσθηση, και μετάβαση στη κατάσταση 75
    '>'            ολίσθηση, και μετάβαση στη κατάσταση 76
    '<'            ολίσθηση, και μετάβαση στη κατάσταση 77
    '+'            ολίσθηση, και μετάβαση στη κατάσταση 78
    '-'            ολίσθηση, και μετάβαση στη κατάσταση 79
    '*'            ολίσθηση, και μετάβαση στη κατάσταση 80
    '/'            ολίσθηση, και μετάβαση στη κατάσταση 81
    '%'            ολίσθηση, και μετάβαση στη κατάσταση 82
    ')'            ολίσθηση, και μετάβαση στη κατάσταση 124

    op  πήγαινε στην κατάσταση 84


κατάσταση 99

   15 expr: expr . op expr
   98 whilestmt: WHILE '(' expr . ')' stmt

    AND            ολίσθηση, και μετάβαση στη κατάσταση 70
    OR             ολίσθηση, και μετάβαση στη κατάσταση 71
    EQUAL_EQUAL    ολίσθηση, και μετάβαση στη κατάσταση 72
    NOT_EQUAL      ολίσθηση, και μετάβαση στη κατάσταση 73
    LESS_EQUAL     ολίσθηση, και μετάβαση στη κατάσταση 74
    GREATER_EQUAL  ολίσθηση, και μετάβαση στη κατάσταση 75
    '>'            ολίσθηση, και μετάβαση στη κατάσταση 76
    '<'            ολίσθηση, και μετάβαση στη κατάσταση 77
    '+'            ολίσθηση, και μετάβαση στη κατάσταση 78
    '-'            ολίσθηση, και μετάβαση στη κατάσταση 79
    '*'            ολίσθηση, και μετάβαση στη κατάσταση 80
    '/'            ολίσθηση, και μετάβαση στη κατάσταση 81
    '%'            ολίσθηση, και μετάβαση στη κατάσταση 82
    ')'            ολίσθηση, και μετάβαση στη κατάσταση 125

    op  πήγαινε στην κατάσταση 84


κατάσταση 100

   99 forstmt: FOR '(' elist . ';' expr ';' elist ')' stmt

    ';'  ολίσθηση, και μετάβαση στη κατάσταση 126


κατάσταση 101

   79 funcdef: FUNCTION ID $@5 . '(' $@6 idlist ')' blockFunc

    '('  ολίσθηση, και μετάβαση στη κατάσταση 127


κατάσταση 102

   82 funcdef: FUNCTION $@7 '(' . $@8 idlist ')' blockFunc

    $default  ελάττωση με χρήση του κανόνα 81 ($@8)

    $@8  πήγαινε στην κατάσταση 128


κατάσταση 103

  100 returnstmt: RETURN expr ';' .

    $default  ελάττωση με χρήση του κανόνα 100 (returnstmt)


κατάσταση 104

   55 call: '(' funcdef . ')' '(' elist ')'

    ')'  ολίσθηση, και μετάβαση στη κατάσταση 129


κατάσταση 105

   15 expr: expr . op expr
   71 indexedelem: '{' expr . ':' expr '}'

    AND            ολίσθηση, και μετάβαση στη κατάσταση 70
    OR             ολίσθηση, και μετάβαση στη κατάσταση 71
    EQUAL_EQUAL    ολίσθηση, και μετάβαση στη κατάσταση 72
    NOT_EQUAL      ολίσθηση, και μετάβαση στη κατάσταση 73
    LESS_EQUAL     ολίσθηση, και μετάβαση στη κατάσταση 74
    GREATER_EQUAL  ολίσθηση, και μετάβαση στη κατάσταση 75
    '>'            ολίσθηση, και μετάβαση στη κατάσταση 76
    '<'            ολίσθηση, και μετάβαση στη κατάσταση 77
    '+'            ολίσθηση, και μετάβαση στη κατάσταση 78
    '-'            ολίσθηση, και μετάβαση στη κατάσταση 79
    '*'            ολίσθηση, και μετάβαση στη κατάσταση 80
    '/'            ολίσθηση, και μετάβαση στη κατάσταση 81
    '%'            ολίσθηση, και μετάβαση στη κατάσταση 82
    ':'            ολίσθηση, και μετάβαση στη κατάσταση 130

    op  πήγαινε στην κατάσταση 84


κατάσταση 106

   64 elistExtend: ',' . expr elistExtend

    NOT          ολίσθηση, και μετάβαση στη κατάσταση 9
    LOCAL        ολίσθηση, και μετάβαση στη κατάσταση 10
    TRUE         ολίσθηση, και μετάβαση στη κατάσταση 11
    FALSE        ολίσθηση, και μετάβαση στη κατάσταση 12
    NIL          ολίσθηση, και μετάβαση στη κατάσταση 13
    PLUS_PLUS    ολίσθηση, και μετάβαση στη κατάσταση 14
    MINUS_MINUS  ολίσθηση, και μετάβαση στη κατάσταση 15
    COLON_COLON  ολίσθηση, και μετάβαση στη κατάσταση 16
    INT          ολίσθηση, και μετάβαση στη κατάσταση 17
    STR          ολίσθηση, και μετάβαση στη κατάσταση 18
    REAL         ολίσθηση, και μετάβαση στη κατάσταση 19
    ID           ολίσθηση, και μετάβαση στη κατάσταση 20
    '-'          ολίσθηση, και μετάβαση στη κατάσταση 21
    '['          ολίσθηση, και μετάβαση στη κατάσταση 22
    '('          ολίσθηση, και μετάβαση στη κατάσταση 23

    expr        πήγαινε στην κατάσταση 131
    term        πήγαινε στην κατάσταση 29
    assignexpr  πήγαινε στην κατάσταση 30
    primary     πήγαινε στην κατάσταση 31
    lvalue      πήγαινε στην κατάσταση 32
    member      πήγαινε στην κατάσταση 33
    call        πήγαινε στην κατάσταση 34
    objectdef   πήγαινε στην κατάσταση 35
    const       πήγαινε στην κατάσταση 38


κατάσταση 107

   62 elist: expr elistExtend .

    $default  ελάττωση με χρήση του κανόνα 62 (elist)


κατάσταση 108

   65 objectdef: '[' elist ']' .

    $default  ελάττωση με χρήση του κανόνα 65 (objectdef)


κατάσταση 109

   66 objectdef: '[' indexed ']' .

    $default  ελάττωση με χρήση του κανόνα 66 (objectdef)


κατάσταση 110

   70 indexedExtend: ',' . indexedelem indexedExtend

    '{'  ολίσθηση, και μετάβαση στη κατάσταση 60

    indexedelem  πήγαινε στην κατάσταση 132


κατάσταση 111

   68 indexed: indexedelem indexedExtend .

    $default  ελάττωση με χρήση του κανόνα 68 (indexed)


κατάσταση 112

   30 term: '(' expr ')' .

    $default  ελάττωση με χρήση του κανόνα 30 (term)


κατάσταση 113

   43 primary: '(' funcdef ')' .
   55 call: '(' funcdef ')' . '(' elist ')'

    '('  ολίσθηση, και μετάβαση στη κατάσταση 133

    $default  ελάττωση με χρήση του κανόνα 43 (primary)


κατάσταση 114

   74 blockStmt: '{' $@2 program . $@3 '}'

    $default  ελάττωση με χρήση του κανόνα 73 ($@3)

    $@3  πήγαινε στην κατάσταση 134


κατάσταση 115

   15 expr: expr . op expr
   15     | expr op expr .

    AND            ολίσθηση, και μετάβαση στη κατάσταση 70
    OR             ολίσθηση, και μετάβαση στη κατάσταση 71
    EQUAL_EQUAL    ολίσθηση, και μετάβαση στη κατάσταση 72
    NOT_EQUAL      ολίσθηση, και μετάβαση στη κατάσταση 73
    LESS_EQUAL     ολίσθηση, και μετάβαση στη κατάσταση 74
    GREATER_EQUAL  ολίσθηση, και μετάβαση στη κατάσταση 75
    '>'            ολίσθηση, και μετάβαση στη κατάσταση 76
    '<'            ολίσθηση, και μετάβαση στη κατάσταση 77
    '+'            ολίσθηση, και μετάβαση στη κατάσταση 78
    '-'            ολίσθηση, και μετάβαση στη κατάσταση 79
    '*'            ολίσθηση, και μετάβαση στη κατάσταση 80
    '/'            ολίσθηση, και μετάβαση στη κατάσταση 81
    '%'            ολίσθηση, και μετάβαση στη κατάσταση 82

    AND            [ελάττωση με χρήση του κανόνα 15 (expr)]
    OR             [ελάττωση με χρήση του κανόνα 15 (expr)]
    EQUAL_EQUAL    [ελάττωση με χρήση του κανόνα 15 (expr)]
    NOT_EQUAL      [ελάττωση με χρήση του κανόνα 15 (expr)]
    LESS_EQUAL     [ελάττωση με χρήση του κανόνα 15 (expr)]
    GREATER_EQUAL  [ελάττωση με χρήση του κανόνα 15 (expr)]
    '>'            [ελάττωση με χρήση του κανόνα 15 (expr)]
    '<'            [ελάττωση με χρήση του κανόνα 15 (expr)]
    '+'            [ελάττωση με χρήση του κανόνα 15 (expr)]
    '-'            [ελάττωση με χρήση του κανόνα 15 (expr)]
    '*'            [ελάττωση με χρήση του κανόνα 15 (expr)]
    '/'            [ελάττωση με χρήση του κανόνα 15 (expr)]
    '%'            [ελάττωση με χρήση του κανόνα 15 (expr)]
    $default       ελάττωση με χρήση του κανόνα 15 (expr)

    op  πήγαινε στην κατάσταση 84


κατάσταση 116

   59 methodcall: DOT_DOT ID . '(' elist ')'

    '('  ολίσθηση, και μετάβαση στη κατάσταση 135


κατάσταση 117

   49 member: lvalue '.' ID .

    $default  ελάττωση με χρήση του κανόνα 49 (member)


κατάσταση 118

   15 expr: expr . op expr
   50 member: lvalue '[' expr . ']'

    AND            ολίσθηση, και μετάβαση στη κατάσταση 70
    OR             ολίσθηση, και μετάβαση στη κατάσταση 71
    EQUAL_EQUAL    ολίσθηση, και μετάβαση στη κατάσταση 72
    NOT_EQUAL      ολίσθηση, και μετάβαση στη κατάσταση 73
    LESS_EQUAL     ολίσθηση, και μετάβαση στη κατάσταση 74
    GREATER_EQUAL  ολίσθηση, και μετάβαση στη κατάσταση 75
    '>'            ολίσθηση, και μετάβαση στη κατάσταση 76
    '<'            ολίσθηση, και μετάβαση στη κατάσταση 77
    '+'            ολίσθηση, και μετάβαση στη κατάσταση 78
    '-'            ολίσθηση, και μετάβαση στη κατάσταση 79
    '*'            ολίσθηση, και μετάβαση στη κατάσταση 80
    '/'            ολίσθηση, και μετάβαση στη κατάσταση 81
    '%'            ολίσθηση, και μετάβαση στη κατάσταση 82
    ']'            ολίσθηση, και μετάβαση στη κατάσταση 136

    op  πήγαινε στην κατάσταση 84


κατάσταση 119

   58 normcall: '(' elist . ')'

    ')'  ολίσθηση, και μετάβαση στη κατάσταση 137


κατάσταση 120

   39 assignexpr: lvalue $@1 '=' . expr

    NOT          ολίσθηση, και μετάβαση στη κατάσταση 9
    LOCAL        ολίσθηση, και μετάβαση στη κατάσταση 10
    TRUE         ολίσθηση, και μετάβαση στη κατάσταση 11
    FALSE        ολίσθηση, και μετάβαση στη κατάσταση 12
    NIL          ολίσθηση, και μετάβαση στη κατάσταση 13
    PLUS_PLUS    ολίσθηση, και μετάβαση στη κατάσταση 14
    MINUS_MINUS  ολίσθηση, και μετάβαση στη κατάσταση 15
    COLON_COLON  ολίσθηση, και μετάβαση στη κατάσταση 16
    INT          ολίσθηση, και μετάβαση στη κατάσταση 17
    STR          ολίσθηση, και μετάβαση στη κατάσταση 18
    REAL         ολίσθηση, και μετάβαση στη κατάσταση 19
    ID           ολίσθηση, και μετάβαση στη κατάσταση 20
    '-'          ολίσθηση, και μετάβαση στη κατάσταση 21
    '['          ολίσθηση, και μετάβαση στη κατάσταση 22
    '('          ολίσθηση, και μετάβαση στη κατάσταση 23

    expr        πήγαινε στην κατάσταση 138
    term        πήγαινε στην κατάσταση 29
    assignexpr  πήγαινε στην κατάσταση 30
    primary     πήγαινε στην κατάσταση 31
    lvalue      πήγαινε στην κατάσταση 32
    member      πήγαινε στην κατάσταση 33
    call        πήγαινε στην κατάσταση 34
    objectdef   πήγαινε στην κατάσταση 35
    const       πήγαινε στην κατάσταση 38


κατάσταση 121

   52 member: call '.' ID .

    $default  ελάττωση με χρήση του κανόνα 52 (member)


κατάσταση 122

   15 expr: expr . op expr
   51 member: call '[' expr . ']'

    AND            ολίσθηση, και μετάβαση στη κατάσταση 70
    OR             ολίσθηση, και μετάβαση στη κατάσταση 71
    EQUAL_EQUAL    ολίσθηση, και μετάβαση στη κατάσταση 72
    NOT_EQUAL      ολίσθηση, και μετάβαση στη κατάσταση 73
    LESS_EQUAL     ολίσθηση, και μετάβαση στη κατάσταση 74
    GREATER_EQUAL  ολίσθηση, και μετάβαση στη κατάσταση 75
    '>'            ολίσθηση, και μετάβαση στη κατάσταση 76
    '<'            ολίσθηση, και μετάβαση στη κατάσταση 77
    '+'            ολίσθηση, και μετάβαση στη κατάσταση 78
    '-'            ολίσθηση, και μετάβαση στη κατάσταση 79
    '*'            ολίσθηση, και μετάβαση στη κατάσταση 80
    '/'            ολίσθηση, και μετάβαση στη κατάσταση 81
    '%'            ολίσθηση, και μετάβαση στη κατάσταση 82
    ']'            ολίσθηση, και μετάβαση στη κατάσταση 139

    op  πήγαινε στην κατάσταση 84


κατάσταση 123

   53 call: call '(' elist . ')'

    ')'  ολίσθηση, και μετάβαση στη κατάσταση 140


κατάσταση 124

   95 ifstmt: IF '(' expr ')' . stmt ifstmtExtend

    IF           ολίσθηση, και μετάβαση στη κατάσταση 2
    WHILE        ολίσθηση, και μετάβαση στη κατάσταση 3
    FOR          ολίσθηση, και μετάβαση στη κατάσταση 4
    FUNCTION     ολίσθηση, και μετάβαση στη κατάσταση 5
    RETURN       ολίσθηση, και μετάβαση στη κατάσταση 6
    BREAK        ολίσθηση, και μετάβαση στη κατάσταση 7
    CONTINUE     ολίσθηση, και μετάβαση στη κατάσταση 8
    NOT          ολίσθηση, και μετάβαση στη κατάσταση 9
    LOCAL        ολίσθηση, και μετάβαση στη κατάσταση 10
    TRUE         ολίσθηση, και μετάβαση στη κατάσταση 11
    FALSE        ολίσθηση, και μετάβαση στη κατάσταση 12
    NIL          ολίσθηση, και μετάβαση στη κατάσταση 13
    PLUS_PLUS    ολίσθηση, και μετάβαση στη κατάσταση 14
    MINUS_MINUS  ολίσθηση, και μετάβαση στη κατάσταση 15
    COLON_COLON  ολίσθηση, και μετάβαση στη κατάσταση 16
    INT          ολίσθηση, και μετάβαση στη κατάσταση 17
    STR          ολίσθηση, και μετάβαση στη κατάσταση 18
    REAL         ολίσθηση, και μετάβαση στη κατάσταση 19
    ID           ολίσθηση, και μετάβαση στη κατάσταση 20
    '-'          ολίσθηση, και μετάβαση στη κατάσταση 21
    '['          ολίσθηση, και μετάβαση στη κατάσταση 22
    '('          ολίσθηση, και μετάβαση στη κατάσταση 23
    ';'          ολίσθηση, και μετάβαση στη κατάσταση 24
    '{'          ολίσθηση, και μετάβαση στη κατάσταση 25

    stmt        πήγαινε στην κατάσταση 141
    expr        πήγαινε στην κατάσταση 28
    term        πήγαινε στην κατάσταση 29
    assignexpr  πήγαινε στην κατάσταση 30
    primary     πήγαινε στην κατάσταση 31
    lvalue      πήγαινε στην κατάσταση 32
    member      πήγαινε στην κατάσταση 33
    call        πήγαινε στην κατάσταση 34
    objectdef   πήγαινε στην κατάσταση 35
    blockStmt   πήγαινε στην κατάσταση 36
    funcdef     πήγαινε στην κατάσταση 37
    const       πήγαινε στην κατάσταση 38
    ifstmt      πήγαινε στην κατάσταση 39
    whilestmt   πήγαινε στην κατάσταση 40
    forstmt     πήγαινε στην κατάσταση 41
    returnstmt  πήγαινε στην κατάσταση 42


κατάσταση 125

   98 whilestmt: WHILE '(' expr ')' . stmt

    IF           ολίσθηση, και μετάβαση στη κατάσταση 2
    WHILE        ολίσθηση, και μετάβαση στη κατάσταση 3
    FOR          ολίσθηση, και μετάβαση στη κατάσταση 4
    FUNCTION     ολίσθηση, και μετάβαση στη κατάσταση 5
    RETURN       ολίσθηση, και μετάβαση στη κατάσταση 6
    BREAK        ολίσθηση, και μετάβαση στη κατάσταση 7
    CONTINUE     ολίσθηση, και μετάβαση στη κατάσταση 8
    NOT          ολίσθηση, και μετάβαση στη κατάσταση 9
    LOCAL        ολίσθηση, και μετάβαση στη κατάσταση 10
    TRUE         ολίσθηση, και μετάβαση στη κατάσταση 11
    FALSE        ολίσθηση, και μετάβαση στη κατάσταση 12
    NIL          ολίσθηση, και μετάβαση στη κατάσταση 13
    PLUS_PLUS    ολίσθηση, και μετάβαση στη κατάσταση 14
    MINUS_MINUS  ολίσθηση, και μετάβαση στη κατάσταση 15
    COLON_COLON  ολίσθηση, και μετάβαση στη κατάσταση 16
    INT          ολίσθηση, και μετάβαση στη κατάσταση 17
    STR          ολίσθηση, και μετάβαση στη κατάσταση 18
    REAL         ολίσθηση, και μετάβαση στη κατάσταση 19
    ID           ολίσθηση, και μετάβαση στη κατάσταση 20
    '-'          ολίσθηση, και μετάβαση στη κατάσταση 21
    '['          ολίσθηση, και μετάβαση στη κατάσταση 22
    '('          ολίσθηση, και μετάβαση στη κατάσταση 23
    ';'          ολίσθηση, και μετάβαση στη κατάσταση 24
    '{'          ολίσθηση, και μετάβαση στη κατάσταση 25

    stmt        πήγαινε στην κατάσταση 142
    expr        πήγαινε στην κατάσταση 28
    term        πήγαινε στην κατάσταση 29
    assignexpr  πήγαινε στην κατάσταση 30
    primary     πήγαινε στην κατάσταση 31
    lvalue      πήγαινε στην κατάσταση 32
    member      πήγαινε στην κατάσταση 33
    call        πήγαινε στην κατάσταση 34
    objectdef   πήγαινε στην κατάσταση 35
    blockStmt   πήγαινε στην κατάσταση 36
    funcdef     πήγαινε στην κατάσταση 37
    const       πήγαινε στην κατάσταση 38
    ifstmt      πήγαινε στην κατάσταση 39
    whilestmt   πήγαινε στην κατάσταση 40
    forstmt     πήγαινε στην κατάσταση 41
    returnstmt  πήγαινε στην κατάσταση 42


κατάσταση 126

   99 forstmt: FOR '(' elist ';' . expr ';' elist ')' stmt

    NOT          ολίσθηση, και μετάβαση στη κατάσταση 9
    LOCAL        ολίσθηση, και μετάβαση στη κατάσταση 10
    TRUE         ολίσθηση, και μετάβαση στη κατάσταση 11
    FALSE        ολίσθηση, και μετάβαση στη κατάσταση 12
    NIL          ολίσθηση, και μετάβαση στη κατάσταση 13
    PLUS_PLUS    ολίσθηση, και μετάβαση στη κατάσταση 14
    MINUS_MINUS  ολίσθηση, και μετάβαση στη κατάσταση 15
    COLON_COLON  ολίσθηση, και μετάβαση στη κατάσταση 16
    INT          ολίσθηση, και μετάβαση στη κατάσταση 17
    STR          ολίσθηση, και μετάβαση στη κατάσταση 18
    REAL         ολίσθηση, και μετάβαση στη κατάσταση 19
    ID           ολίσθηση, και μετάβαση στη κατάσταση 20
    '-'          ολίσθηση, και μετάβαση στη κατάσταση 21
    '['          ολίσθηση, και μετάβαση στη κατάσταση 22
    '('          ολίσθηση, και μετάβαση στη κατάσταση 23

    expr        πήγαινε στην κατάσταση 143
    term        πήγαινε στην κατάσταση 29
    assignexpr  πήγαινε στην κατάσταση 30
    primary     πήγαινε στην κατάσταση 31
    lvalue      πήγαινε στην κατάσταση 32
    member      πήγαινε στην κατάσταση 33
    call        πήγαινε στην κατάσταση 34
    objectdef   πήγαινε στην κατάσταση 35
    const       πήγαινε στην κατάσταση 38


κατάσταση 127

   79 funcdef: FUNCTION ID $@5 '(' . $@6 idlist ')' blockFunc

    $default  ελάττωση με χρήση του κανόνα 78 ($@6)

    $@6  πήγαινε στην κατάσταση 144


κατάσταση 128

   82 funcdef: FUNCTION $@7 '(' $@8 . idlist ')' blockFunc

    ID  ολίσθηση, και μετάβαση στη κατάσταση 145

    $default  ελάττωση με χρήση του κανόνα 89 (idlist)

    idlist  πήγαινε στην κατάσταση 146


κατάσταση 129

   55 call: '(' funcdef ')' . '(' elist ')'

    '('  ολίσθηση, και μετάβαση στη κατάσταση 133


κατάσταση 130

   71 indexedelem: '{' expr ':' . expr '}'

    NOT          ολίσθηση, και μετάβαση στη κατάσταση 9
    LOCAL        ολίσθηση, και μετάβαση στη κατάσταση 10
    TRUE         ολίσθηση, και μετάβαση στη κατάσταση 11
    FALSE        ολίσθηση, και μετάβαση στη κατάσταση 12
    NIL          ολίσθηση, και μετάβαση στη κατάσταση 13
    PLUS_PLUS    ολίσθηση, και μετάβαση στη κατάσταση 14
    MINUS_MINUS  ολίσθηση, και μετάβαση στη κατάσταση 15
    COLON_COLON  ολίσθηση, και μετάβαση στη κατάσταση 16
    INT          ολίσθηση, και μετάβαση στη κατάσταση 17
    STR          ολίσθηση, και μετάβαση στη κατάσταση 18
    REAL         ολίσθηση, και μετάβαση στη κατάσταση 19
    ID           ολίσθηση, και μετάβαση στη κατάσταση 20
    '-'          ολίσθηση, και μετάβαση στη κατάσταση 21
    '['          ολίσθηση, και μετάβαση στη κατάσταση 22
    '('          ολίσθηση, και μετάβαση στη κατάσταση 23

    expr        πήγαινε στην κατάσταση 147
    term        πήγαινε στην κατάσταση 29
    assignexpr  πήγαινε στην κατάσταση 30
    primary     πήγαινε στην κατάσταση 31
    lvalue      πήγαινε στην κατάσταση 32
    member      πήγαινε στην κατάσταση 33
    call        πήγαινε στην κατάσταση 34
    objectdef   πήγαινε στην κατάσταση 35
    const       πήγαινε στην κατάσταση 38


κατάσταση 131

   15 expr: expr . op expr
   64 elistExtend: ',' expr . elistExtend

    AND            ολίσθηση, και μετάβαση στη κατάσταση 70
    OR             ολίσθηση, και μετάβαση στη κατάσταση 71
    EQUAL_EQUAL    ολίσθηση, και μετάβαση στη κατάσταση 72
    NOT_EQUAL      ολίσθηση, και μετάβαση στη κατάσταση 73
    LESS_EQUAL     ολίσθηση, και μετάβαση στη κατάσταση 74
    GREATER_EQUAL  ολίσθηση, και μετάβαση στη κατάσταση 75
    '>'            ολίσθηση, και μετάβαση στη κατάσταση 76
    '<'            ολίσθηση, και μετάβαση στη κατάσταση 77
    '+'            ολίσθηση, και μετάβαση στη κατάσταση 78
    '-'            ολίσθηση, και μετάβαση στη κατάσταση 79
    '*'            ολίσθηση, και μετάβαση στη κατάσταση 80
    '/'            ολίσθηση, και μετάβαση στη κατάσταση 81
    '%'            ολίσθηση, και μετάβαση στη κατάσταση 82
    ','            ολίσθηση, και μετάβαση στη κατάσταση 106

    $default  ελάττωση με χρήση του κανόνα 63 (elistExtend)

    op           πήγαινε στην κατάσταση 84
    elistExtend  πήγαινε στην κατάσταση 148


κατάσταση 132

   70 indexedExtend: ',' indexedelem . indexedExtend

    ','  ολίσθηση, και μετάβαση στη κατάσταση 110

    $default  ελάττωση με χρήση του κανόνα 69 (indexedExtend)

    indexedExtend  πήγαινε στην κατάσταση 149


κατάσταση 133

   55 call: '(' funcdef ')' '(' . elist ')'

    NOT          ολίσθηση, και μετάβαση στη κατάσταση 9
    LOCAL        ολίσθηση, και μετάβαση στη κατάσταση 10
    TRUE         ολίσθηση, και μετάβαση στη κατάσταση 11
    FALSE        ολίσθηση, και μετάβαση στη κατάσταση 12
    NIL          ολίσθηση, και μετάβαση στη κατάσταση 13
    PLUS_PLUS    ολίσθηση, και μετάβαση στη κατάσταση 14
    MINUS_MINUS  ολίσθηση, και μετάβαση στη κατάσταση 15
    COLON_COLON  ολίσθηση, και μετάβαση στη κατάσταση 16
    INT          ολίσθηση, και μετάβαση στη κατάσταση 17
    STR          ολίσθηση, και μετάβαση στη κατάσταση 18
    REAL         ολίσθηση, και μετάβαση στη κατάσταση 19
    ID           ολίσθηση, και μετάβαση στη κατάσταση 20
    '-'          ολίσθηση, και μετάβαση στη κατάσταση 21
    '['          ολίσθηση, και μετάβαση στη κατάσταση 22
    '('          ολίσθηση, και μετάβαση στη κατάσταση 23

    $default  ελάττωση με χρήση του κανόνα 60 (elist)

    expr        πήγαινε στην κατάσταση 61
    term        πήγαινε στην κατάσταση 29
    assignexpr  πήγαινε στην κατάσταση 30
    primary     πήγαινε στην κατάσταση 31
    lvalue      πήγαινε στην κατάσταση 32
    member      πήγαινε στην κατάσταση 33
    call        πήγαινε στην κατάσταση 34
    elist       πήγαινε στην κατάσταση 150
    objectdef   πήγαινε στην κατάσταση 35
    const       πήγαινε στην κατάσταση 38


κατάσταση 134

   74 blockStmt: '{' $@2 program $@3 . '}'

    '}'  ολίσθηση, και μετάβαση στη κατάσταση 151


κατάσταση 135

   59 methodcall: DOT_DOT ID '(' . elist ')'

    NOT          ολίσθηση, και μετάβαση στη κατάσταση 9
    LOCAL        ολίσθηση, και μετάβαση στη κατάσταση 10
    TRUE         ολίσθηση, και μετάβαση στη κατάσταση 11
    FALSE        ολίσθηση, και μετάβαση στη κατάσταση 12
    NIL          ολίσθηση, και μετάβαση στη κατάσταση 13
    PLUS_PLUS    ολίσθηση, και μετάβαση στη κατάσταση 14
    MINUS_MINUS  ολίσθηση, και μετάβαση στη κατάσταση 15
    COLON_COLON  ολίσθηση, και μετάβαση στη κατάσταση 16
    INT          ολίσθηση, και μετάβαση στη κατάσταση 17
    STR          ολίσθηση, και μετάβαση στη κατάσταση 18
    REAL         ολίσθηση, και μετάβαση στη κατάσταση 19
    ID           ολίσθηση, και μετάβαση στη κατάσταση 20
    '-'          ολίσθηση, και μετάβαση στη κατάσταση 21
    '['          ολίσθηση, και μετάβαση στη κατάσταση 22
    '('          ολίσθηση, και μετάβαση στη κατάσταση 23

    $default  ελάττωση με χρήση του κανόνα 60 (elist)

    expr        πήγαινε στην κατάσταση 61
    term        πήγαινε στην κατάσταση 29
    assignexpr  πήγαινε στην κατάσταση 30
    primary     πήγαινε στην κατάσταση 31
    lvalue      πήγαινε στην κατάσταση 32
    member      πήγαινε στην κατάσταση 33
    call        πήγαινε στην κατάσταση 34
    elist       πήγαινε στην κατάσταση 152
    objectdef   πήγαινε στην κατάσταση 35
    const       πήγαινε στην κατάσταση 38


κατάσταση 136

   50 member: lvalue '[' expr ']' .

    $default  ελάττωση με χρήση του κανόνα 50 (member)


κατάσταση 137

   58 normcall: '(' elist ')' .

    $default  ελάττωση με χρήση του κανόνα 58 (normcall)


κατάσταση 138

   15 expr: expr . op expr
   39 assignexpr: lvalue $@1 '=' expr .

    AND            ολίσθηση, και μετάβαση στη κατάσταση 70
    OR             ολίσθηση, και μετάβαση στη κατάσταση 71
    EQUAL_EQUAL    ολίσθηση, και μετάβαση στη κατάσταση 72
    NOT_EQUAL      ολίσθηση, και μετάβαση στη κατάσταση 73
    LESS_EQUAL     ολίσθηση, και μετάβαση στη κατάσταση 74
    GREATER_EQUAL  ολίσθηση, και μετάβαση στη κατάσταση 75
    '>'            ολίσθηση, και μετάβαση στη κατάσταση 76
    '<'            ολίσθηση, και μετάβαση στη κατάσταση 77
    '+'            ολίσθηση, και μετάβαση στη κατάσταση 78
    '-'            ολίσθηση, και μετάβαση στη κατάσταση 79
    '*'            ολίσθηση, και μετάβαση στη κατάσταση 80
    '/'            ολίσθηση, και μετάβαση στη κατάσταση 81
    '%'            ολίσθηση, και μετάβαση στη κατάσταση 82

    $default  ελάττωση με χρήση του κανόνα 39 (assignexpr)

    op  πήγαινε στην κατάσταση 84


κατάσταση 139

   51 member: call '[' expr ']' .

    $default  ελάττωση με χρήση του κανόνα 51 (member)


κατάσταση 140

   53 call: call '(' elist ')' .

    $default  ελάττωση με χρήση του κανόνα 53 (call)


κατάσταση 141

   95 ifstmt: IF '(' expr ')' stmt . ifstmtExtend

    ELSE  ολίσθηση, και μετάβαση στη κατάσταση 153

    ELSE      [ελάττωση με χρήση του κανόνα 96 (ifstmtExtend)]
    $default  ελάττωση με χρήση του κανόνα 96 (ifstmtExtend)

    ifstmtExtend  πήγαινε στην κατάσταση 154


κατάσταση 142

   98 whilestmt: WHILE '(' expr ')' stmt .

    $default  ελάττωση με χρήση του κανόνα 98 (whilestmt)


κατάσταση 143

   15 expr: expr . op expr
   99 forstmt: FOR '(' elist ';' expr . ';' elist ')' stmt

    AND            ολίσθηση, και μετάβαση στη κατάσταση 70
    OR             ολίσθηση, και μετάβαση στη κατάσταση 71
    EQUAL_EQUAL    ολίσθηση, και μετάβαση στη κατάσταση 72
    NOT_EQUAL      ολίσθηση, και μετάβαση στη κατάσταση 73
    LESS_EQUAL     ολίσθηση, και μετάβαση στη κατάσταση 74
    GREATER_EQUAL  ολίσθηση, και μετάβαση στη κατάσταση 75
    '>'            ολίσθηση, και μετάβαση στη κατάσταση 76
    '<'            ολίσθηση, και μετάβαση στη κατάσταση 77
    '+'            ολίσθηση, και μετάβαση στη κατάσταση 78
    '-'            ολίσθηση, και μετάβαση στη κατάσταση 79
    '*'            ολίσθηση, και μετάβαση στη κατάσταση 80
    '/'            ολίσθηση, και μετάβαση στη κατάσταση 81
    '%'            ολίσθηση, και μετάβαση στη κατάσταση 82
    ';'            ολίσθηση, και μετάβαση στη κατάσταση 155

    op  πήγαινε στην κατάσταση 84


κατάσταση 144

   79 funcdef: FUNCTION ID $@5 '(' $@6 . idlist ')' blockFunc

    ID  ολίσθηση, και μετάβαση στη κατάσταση 145

    $default  ελάττωση με χρήση του κανόνα 89 (idlist)

    idlist  πήγαινε στην κατάσταση 156


κατάσταση 145

   91 idlist: ID . $@9 idlistExtend

    $default  ελάττωση με χρήση του κανόνα 90 ($@9)

    $@9  πήγαινε στην κατάσταση 157


κατάσταση 146

   82 funcdef: FUNCTION $@7 '(' $@8 idlist . ')' blockFunc

    ')'  ολίσθηση, και μετάβαση στη κατάσταση 158


κατάσταση 147

   15 expr: expr . op expr
   71 indexedelem: '{' expr ':' expr . '}'

    AND            ολίσθηση, και μετάβαση στη κατάσταση 70
    OR             ολίσθηση, και μετάβαση στη κατάσταση 71
    EQUAL_EQUAL    ολίσθηση, και μετάβαση στη κατάσταση 72
    NOT_EQUAL      ολίσθηση, και μετάβαση στη κατάσταση 73
    LESS_EQUAL     ολίσθηση, και μετάβαση στη κατάσταση 74
    GREATER_EQUAL  ολίσθηση, και μετάβαση στη κατάσταση 75
    '>'            ολίσθηση, και μετάβαση στη κατάσταση 76
    '<'            ολίσθηση, και μετάβαση στη κατάσταση 77
    '+'            ολίσθηση, και μετάβαση στη κατάσταση 78
    '-'            ολίσθηση, και μετάβαση στη κατάσταση 79
    '*'            ολίσθηση, και μετάβαση στη κατάσταση 80
    '/'            ολίσθηση, και μετάβαση στη κατάσταση 81
    '%'            ολίσθηση, και μετάβαση στη κατάσταση 82
    '}'            ολίσθηση, και μετάβαση στη κατάσταση 159

    op  πήγαινε στην κατάσταση 84


κατάσταση 148

   64 elistExtend: ',' expr elistExtend .

    $default  ελάττωση με χρήση του κανόνα 64 (elistExtend)


κατάσταση 149

   70 indexedExtend: ',' indexedelem indexedExtend .

    $default  ελάττωση με χρήση του κανόνα 70 (indexedExtend)


κατάσταση 150

   55 call: '(' funcdef ')' '(' elist . ')'

    ')'  ολίσθηση, και μετάβαση στη κατάσταση 160


κατάσταση 151

   74 blockStmt: '{' $@2 program $@3 '}' .

    $default  ελάττωση με χρήση του κανόνα 74 (blockStmt)


κατάσταση 152

   59 methodcall: DOT_DOT ID '(' elist . ')'

    ')'  ολίσθηση, και μετάβαση στη κατάσταση 161


κατάσταση 153

   97 ifstmtExtend: ELSE . stmt

    IF           ολίσθηση, και μετάβαση στη κατάσταση 2
    WHILE        ολίσθηση, και μετάβαση στη κατάσταση 3
    FOR          ολίσθηση, και μετάβαση στη κατάσταση 4
    FUNCTION     ολίσθηση, και μετάβαση στη κατάσταση 5
    RETURN       ολίσθηση, και μετάβαση στη κατάσταση 6
    BREAK        ολίσθηση, και μετάβαση στη κατάσταση 7
    CONTINUE     ολίσθηση, και μετάβαση στη κατάσταση 8
    NOT          ολίσθηση, και μετάβαση στη κατάσταση 9
    LOCAL        ολίσθηση, και μετάβαση στη κατάσταση 10
    TRUE         ολίσθηση, και μετάβαση στη κατάσταση 11
    FALSE        ολίσθηση, και μετάβαση στη κατάσταση 12
    NIL          ολίσθηση, και μετάβαση στη κατάσταση 13
    PLUS_PLUS    ολίσθηση, και μετάβαση στη κατάσταση 14
    MINUS_MINUS  ολίσθηση, και μετάβαση στη κατάσταση 15
    COLON_COLON  ολίσθηση, και μετάβαση στη κατάσταση 16
    INT          ολίσθηση, και μετάβαση στη κατάσταση 17
    STR          ολίσθηση, και μετάβαση στη κατάσταση 18
    REAL         ολίσθηση, και μετάβαση στη κατάσταση 19
    ID           ολίσθηση, και μετάβαση στη κατάσταση 20
    '-'          ολίσθηση, και μετάβαση στη κατάσταση 21
    '['          ολίσθηση, και μετάβαση στη κατάσταση 22
    '('          ολίσθηση, και μετάβαση στη κατάσταση 23
    ';'          ολίσθηση, και μετάβαση στη κατάσταση 24
    '{'          ολίσθηση, και μετάβαση στη κατάσταση 25

    stmt        πήγαινε στην κατάσταση 162
    expr        πήγαινε στην κατάσταση 28
    term        πήγαινε στην κατάσταση 29
    assignexpr  πήγαινε στην κατάσταση 30
    primary     πήγαινε στην κατάσταση 31
    lvalue      πήγαινε στην κατάσταση 32
    member      πήγαινε στην κατάσταση 33
    call        πήγαινε στην κατάσταση 34
    objectdef   πήγαινε στην κατάσταση 35
    blockStmt   πήγαινε στην κατάσταση 36
    funcdef     πήγαινε στην κατάσταση 37
    const       πήγαινε στην κατάσταση 38
    ifstmt      πήγαινε στην κατάσταση 39
    whilestmt   πήγαινε στην κατάσταση 40
    forstmt     πήγαινε στην κατάσταση 41
    returnstmt  πήγαινε στην κατάσταση 42


κατάσταση 154

   95 ifstmt: IF '(' expr ')' stmt ifstmtExtend .

    $default  ελάττωση με χρήση του κανόνα 95 (ifstmt)


κατάσταση 155

   99 forstmt: FOR '(' elist ';' expr ';' . elist ')' stmt

    NOT          ολίσθηση, και μετάβαση στη κατάσταση 9
    LOCAL        ολίσθηση, και μετάβαση στη κατάσταση 10
    TRUE         ολίσθηση, και μετάβαση στη κατάσταση 11
    FALSE        ολίσθηση, και μετάβαση στη κατάσταση 12
    NIL          ολίσθηση, και μετάβαση στη κατάσταση 13
    PLUS_PLUS    ολίσθηση, και μετάβαση στη κατάσταση 14
    MINUS_MINUS  ολίσθηση, και μετάβαση στη κατάσταση 15
    COLON_COLON  ολίσθηση, και μετάβαση στη κατάσταση 16
    INT          ολίσθηση, και μετάβαση στη κατάσταση 17
    STR          ολίσθηση, και μετάβαση στη κατάσταση 18
    REAL         ολίσθηση, και μετάβαση στη κατάσταση 19
    ID           ολίσθηση, και μετάβαση στη κατάσταση 20
    '-'          ολίσθηση, και μετάβαση στη κατάσταση 21
    '['          ολίσθηση, και μετάβαση στη κατάσταση 22
    '('          ολίσθηση, και μετάβαση στη κατάσταση 23

    $default  ελάττωση με χρήση του κανόνα 60 (elist)

    expr        πήγαινε στην κατάσταση 61
    term        πήγαινε στην κατάσταση 29
    assignexpr  πήγαινε στην κατάσταση 30
    primary     πήγαινε στην κατάσταση 31
    lvalue      πήγαινε στην κατάσταση 32
    member      πήγαινε στην κατάσταση 33
    call        πήγαινε στην κατάσταση 34
    elist       πήγαινε στην κατάσταση 163
    objectdef   πήγαινε στην κατάσταση 35
    const       πήγαινε στην κατάσταση 38


κατάσταση 156

   79 funcdef: FUNCTION ID $@5 '(' $@6 idlist . ')' blockFunc

    ')'  ολίσθηση, και μετάβαση στη κατάσταση 164


κατάσταση 157

   91 idlist: ID $@9 . idlistExtend

    ','  ολίσθηση, και μετάβαση στη κατάσταση 165

    $default  ελάττωση με χρήση του κανόνα 92 (idlistExtend)

    idlistExtend  πήγαινε στην κατάσταση 166


κατάσταση 158

   82 funcdef: FUNCTION $@7 '(' $@8 idlist ')' . blockFunc

    '{'  ολίσθηση, και μετάβαση στη κατάσταση 167

    blockFunc  πήγαινε στην κατάσταση 168


κατάσταση 159

   71 indexedelem: '{' expr ':' expr '}' .

    $default  ελάττωση με χρήση του κανόνα 71 (indexedelem)


κατάσταση 160

   55 call: '(' funcdef ')' '(' elist ')' .

    $default  ελάττωση με χρήση του κανόνα 55 (call)


κατάσταση 161

   59 methodcall: DOT_DOT ID '(' elist ')' .

    $default  ελάττωση με χρήση του κανόνα 59 (methodcall)


κατάσταση 162

   97 ifstmtExtend: ELSE stmt .

    $default  ελάττωση με χρήση του κανόνα 97 (ifstmtExtend)


κατάσταση 163

   99 forstmt: FOR '(' elist ';' expr ';' elist . ')' stmt

    ')'  ολίσθηση, και μετάβαση στη κατάσταση 169


κατάσταση 164

   79 funcdef: FUNCTION ID $@5 '(' $@6 idlist ')' . blockFunc

    '{'  ολίσθηση, και μετάβαση στη κατάσταση 167

    blockFunc  πήγαινε στην κατάσταση 170


κατάσταση 165

   94 idlistExtend: ',' . ID $@10 idlistExtend

    ID  ολίσθηση, και μετάβαση στη κατάσταση 171


κατάσταση 166

   91 idlist: ID $@9 idlistExtend .

    $default  ελάττωση με χρήση του κανόνα 91 (idlist)


κατάσταση 167

   76 blockFunc: '{' . program $@4 '}'

    error        ολίσθηση, και μετάβαση στη κατάσταση 1
    IF           ολίσθηση, και μετάβαση στη κατάσταση 2
    WHILE        ολίσθηση, και μετάβαση στη κατάσταση 3
    FOR          ολίσθηση, και μετάβαση στη κατάσταση 4
    FUNCTION     ολίσθηση, και μετάβαση στη κατάσταση 5
    RETURN       ολίσθηση, και μετάβαση στη κατάσταση 6
    BREAK        ολίσθηση, και μετάβαση στη κατάσταση 7
    CONTINUE     ολίσθηση, και μετάβαση στη κατάσταση 8
    NOT          ολίσθηση, και μετάβαση στη κατάσταση 9
    LOCAL        ολίσθηση, και μετάβαση στη κατάσταση 10
    TRUE         ολίσθηση, και μετάβαση στη κατάσταση 11
    FALSE        ολίσθηση, και μετάβαση στη κατάσταση 12
    NIL          ολίσθηση, και μετάβαση στη κατάσταση 13
    PLUS_PLUS    ολίσθηση, και μετάβαση στη κατάσταση 14
    MINUS_MINUS  ολίσθηση, και μετάβαση στη κατάσταση 15
    COLON_COLON  ολίσθηση, και μετάβαση στη κατάσταση 16
    INT          ολίσθηση, και μετάβαση στη κατάσταση 17
    STR          ολίσθηση, και μετάβαση στη κατάσταση 18
    REAL         ολίσθηση, και μετάβαση στη κατάσταση 19
    ID           ολίσθηση, και μετάβαση στη κατάσταση 20
    '-'          ολίσθηση, και μετάβαση στη κατάσταση 21
    '['          ολίσθηση, και μετάβαση στη κατάσταση 22
    '('          ολίσθηση, και μετάβαση στη κατάσταση 23
    ';'          ολίσθηση, και μετάβαση στη κατάσταση 24
    '{'          ολίσθηση, και μετάβαση στη κατάσταση 25

    '}'  ελάττωση με χρήση του κανόνα 1 (program)

    program     πήγαινε στην κατάσταση 172
    stmt        πήγαινε στην κατάσταση 27
    expr        πήγαινε στην κατάσταση 28
    term        πήγαινε στην κατάσταση 29
    assignexpr  πήγαινε στην κατάσταση 30
    primary     πήγαινε στην κατάσταση 31
    lvalue      πήγαινε στην κατάσταση 32
    member      πήγαινε στην κατάσταση 33
    call        πήγαινε στην κατάσταση 34
    objectdef   πήγαινε στην κατάσταση 35
    blockStmt   πήγαινε στην κατάσταση 36
    funcdef     πήγαινε στην κατάσταση 37
    const       πήγαινε στην κατάσταση 38
    ifstmt      πήγαινε στην κατάσταση 39
    whilestmt   πήγαινε στην κατάσταση 40
    forstmt     πήγαινε στην κατάσταση 41
    returnstmt  πήγαινε στην κατάσταση 42


κατάσταση 168

   82 funcdef: FUNCTION $@7 '(' $@8 idlist ')' blockFunc .

    $default  ελάττωση με χρήση του κανόνα 82 (funcdef)


κατάσταση 169

   99 forstmt: FOR '(' elist ';' expr ';' elist ')' . stmt

    IF           ολίσθηση, και μετάβαση στη κατάσταση 2
    WHILE        ολίσθηση, και μετάβαση στη κατάσταση 3
    FOR          ολίσθηση, και μετάβαση στη κατάσταση 4
    FUNCTION     ολίσθηση, και μετάβαση στη κατάσταση 5
    RETURN       ολίσθηση, και μετάβαση στη κατάσταση 6
    BREAK        ολίσθηση, και μετάβαση στη κατάσταση 7
    CONTINUE     ολίσθηση, και μετάβαση στη κατάσταση 8
    NOT          ολίσθηση, και μετάβαση στη κατάσταση 9
    LOCAL        ολίσθηση, και μετάβαση στη κατάσταση 10
    TRUE         ολίσθηση, και μετάβαση στη κατάσταση 11
    FALSE        ολίσθηση, και μετάβαση στη κατάσταση 12
    NIL          ολίσθηση, και μετάβαση στη κατάσταση 13
    PLUS_PLUS    ολίσθηση, και μετάβαση στη κατάσταση 14
    MINUS_MINUS  ολίσθηση, και μετάβαση στη κατάσταση 15
    COLON_COLON  ολίσθηση, και μετάβαση στη κατάσταση 16
    INT          ολίσθηση, και μετάβαση στη κατάσταση 17
    STR          ολίσθηση, και μετάβαση στη κατάσταση 18
    REAL         ολίσθηση, και μετάβαση στη κατάσταση 19
    ID           ολίσθηση, και μετάβαση στη κατάσταση 20
    '-'          ολίσθηση, και μετάβαση στη κατάσταση 21
    '['          ολίσθηση, και μετάβαση στη κατάσταση 22
    '('          ολίσθηση, και μετάβαση στη κατάσταση 23
    ';'          ολίσθηση, και μετάβαση στη κατάσταση 24
    '{'          ολίσθηση, και μετάβαση στη κατάσταση 25

    stmt        πήγαινε στην κατάσταση 173
    expr        πήγαινε στην κατάσταση 28
    term        πήγαινε στην κατάσταση 29
    assignexpr  πήγαινε στην κατάσταση 30
    primary     πήγαινε στην κατάσταση 31
    lvalue      πήγαινε στην κατάσταση 32
    member      πήγαινε στην κατάσταση 33
    call        πήγαινε στην κατάσταση 34
    objectdef   πήγαινε στην κατάσταση 35
    blockStmt   πήγαινε στην κατάσταση 36
    funcdef     πήγαινε στην κατάσταση 37
    const       πήγαινε στην κατάσταση 38
    ifstmt      πήγαινε στην κατάσταση 39
    whilestmt   πήγαινε στην κατάσταση 40
    forstmt     πήγαινε στην κατάσταση 41
    returnstmt  πήγαινε στην κατάσταση 42


κατάσταση 170

   79 funcdef: FUNCTION ID $@5 '(' $@6 idlist ')' blockFunc .

    $default  ελάττωση με χρήση του κανόνα 79 (funcdef)


κατάσταση 171

   94 idlistExtend: ',' ID . $@10 idlistExtend

    $default  ελάττωση με χρήση του κανόνα 93 ($@10)

    $@10  πήγαινε στην κατάσταση 174


κατάσταση 172

   76 blockFunc: '{' program . $@4 '}'

    $default  ελάττωση με χρήση του κανόνα 75 ($@4)

    $@4  πήγαινε στην κατάσταση 175


κατάσταση 173

   99 forstmt: FOR '(' elist ';' expr ';' elist ')' stmt .

    $default  ελάττωση με χρήση του κανόνα 99 (forstmt)


κατάσταση 174

   94 idlistExtend: ',' ID $@10 . idlistExtend

    ','  ολίσθηση, και μετάβαση στη κατάσταση 165

    $default  ελάττωση με χρήση του κανόνα 92 (idlistExtend)

    idlistExtend  πήγαινε στην κατάσταση 176


κατάσταση 175

   76 blockFunc: '{' program $@4 . '}'

    '}'  ολίσθηση, και μετάβαση στη κατάσταση 177


κατάσταση 176

   94 idlistExtend: ',' ID $@10 idlistExtend .

    $default  ελάττωση με χρήση του κανόνα 94 (idlistExtend)


κατάσταση 177

   76 blockFunc: '{' program $@4 '}' .

    $default  ελάττωση με χρήση του κανόνα 76 (blockFunc)
